<?xml version="1.0" encoding="utf-8"?><testsuites name="pytest tests"><testsuite name="pytest" errors="0" failures="0" skipped="0" tests="13" time="0.446" timestamp="2026-09-20T18:56:30.489155-06:00" hostname="DESKTOP-HCNUTDQ"><testcase classname="tests.experimentation.test_bind_lifecycle_discovery_experiment" name="test_lesser_bind_entry_points_refuse_before_registration[False-False]" time="0.016" /><testcase classname="tests.experimentation.test_bind_lifecycle_discovery_experiment" name="test_lesser_bind_entry_points_refuse_before_registration[False-True]" time="0.007" /><testcase classname="tests.experimentation.test_bind_lifecycle_discovery_experiment" name="test_lesser_bind_entry_points_refuse_before_registration[True-False]" time="0.007" /><testcase classname="tests.experimentation.test_bind_lifecycle_discovery_experiment" name="test_lesser_bind_entry_points_refuse_before_registration[True-True]" time="0.006" /><testcase classname="tests.experimentation.test_bind_lifecycle_discovery_experiment" name="test_lesser_can_resolve_a_later_binding_from_its_owning_book[False]" time="0.048" /><testcase classname="tests.experimentation.test_bind_lifecycle_discovery_experiment" name="test_lesser_can_resolve_a_later_binding_from_its_owning_book[True]" time="0.008" /><testcase classname="tests.experimentation.test_bind_lifecycle_discovery_experiment" name="test_current_pre_activation_post_kwargs_run_at_meld_not_bind" time="0.007" /><testcase classname="tests.experimentation.test_bind_lifecycle_discovery_experiment" name="test_proposed_bind_hook_names_are_not_current_configuration_slots[on_bind_pre]" time="0.004" /><testcase classname="tests.experimentation.test_bind_lifecycle_discovery_experiment" name="test_proposed_bind_hook_names_are_not_current_configuration_slots[on_bind_activation]" time="0.004" /><testcase classname="tests.experimentation.test_bind_lifecycle_discovery_experiment" name="test_proposed_bind_hook_names_are_not_current_configuration_slots[on_bind_post]" time="0.004" /><testcase classname="tests.experimentation.test_bind_lifecycle_discovery_experiment" name="test_existing_configuration_hook_registration_is_frozen_after_conjure" time="0.005" /><testcase classname="tests.experimentation.test_bind_lifecycle_discovery_experiment" name="test_bind_works_with_implicit_defaults_before_explicit_configuration" time="0.004" /><testcase classname="tests.integration.melder.spellbook.test_spellbook_integration_hooks" name="test_hooks_execute_and_activation_runs_once_for_unique" time="0.007" /></testsuite></testsuites>