<?xml version="1.0" encoding="utf-8"?><testsuites name="pytest tests"><testsuite name="pytest" errors="0" failures="0" skipped="0" tests="16" time="4.800" timestamp="2026-09-21T16:18:30.065693-06:00" hostname="DESKTOP-HCNUTDQ"><testcase classname="tests.experimentation.test_runtime_hook_discovery_experiment" name="test_local_conduit_event_shadows_lineage_and_clearing_reveals_it" time="0.006" /><testcase classname="tests.experimentation.test_runtime_hook_discovery_experiment" name="test_local_meld_merges_a_snapshot_while_lessers_follow_the_lineage_seed" time="0.017" /><testcase classname="tests.experimentation.test_runtime_hook_discovery_experiment" name="test_pooled_lesser_retains_local_meld_callbacks_but_clears_lifecycle_callbacks" time="0.018" /><testcase classname="tests.experimentation.test_runtime_hook_discovery_experiment" name="test_existing_and_pooled_spaces_keep_old_meld_maps_after_owner_local_update[False]" time="0.006" /><testcase classname="tests.experimentation.test_runtime_hook_discovery_experiment" name="test_existing_and_pooled_spaces_keep_old_meld_maps_after_owner_local_update[True]" time="0.006" /><testcase classname="tests.experimentation.test_runtime_hook_discovery_experiment" name="test_mixed_runtime_registration_can_partially_apply_before_invalid_meld_callback" time="0.005" /><testcase classname="tests.experimentation.test_runtime_hook_discovery_experiment" name="test_meld_activation_dispatch_exists_but_public_registration_rejects_its_name" time="0.007" /><testcase classname="tests.experimentation.test_runtime_hook_discovery_experiment" name="test_conduit_lifecycle_errors_are_suppressed_but_meld_errors_abort" time="0.006" /><testcase classname="tests.experimentation.test_runtime_hook_discovery_experiment" name="test_internal_spell_hook_replacement_updates_warm_resolution_without_recompilation[False]" time="0.006" /><testcase classname="tests.experimentation.test_runtime_hook_discovery_experiment" name="test_internal_spell_hook_replacement_updates_warm_resolution_without_recompilation[True]" time="0.006" /><testcase classname="tests.experimentation.test_runtime_hook_discovery_experiment" name="test_dependency_creation_hooks_are_not_dispatched_as_separate_root_melds[False]" time="0.018" /><testcase classname="tests.experimentation.test_runtime_hook_discovery_experiment" name="test_dependency_creation_hooks_are_not_dispatched_as_separate_root_melds[True]" time="0.008" /><testcase classname="tests.experimentation.test_runtime_hook_discovery_experiment" name="test_clearing_spell_hooks_during_pre_changes_the_same_calls_post_stage" time="0.006" /><testcase classname="tests.experimentation.test_runtime_hook_discovery_experiment" name="test_spell_hooks_are_shared_by_version_across_direct_scope_requests" time="0.006" /><testcase classname="tests.experimentation.test_runtime_hook_discovery_experiment" name="test_lesser_cleanup_events_fire_for_hard_teardown_not_pool_return" time="0.005" /><testcase classname="tests.experimentation.test_runtime_hook_discovery_experiment" name="test_recorded_hook_shortfalls_omit_runtime_local_and_per_spell_callbacks" time="4.342" /></testsuite></testsuites>