<?xml version="1.0" encoding="utf-8"?><testsuites name="pytest tests"><testsuite name="pytest" errors="0" failures="0" skipped="0" tests="38" time="0.773" timestamp="2026-09-20T15:38:25.969374-06:00" hostname="DESKTOP-HCNUTDQ"><testcase classname="context_compass.artifacts.purge_scope_discovery_20260920.test_store_characterization" name="test_clear_existing_store_reuses_compiled_context[unique-False]" time="0.018" /><testcase classname="context_compass.artifacts.purge_scope_discovery_20260920.test_store_characterization" name="test_clear_existing_store_reuses_compiled_context[unique-True]" time="0.007" /><testcase classname="context_compass.artifacts.purge_scope_discovery_20260920.test_store_characterization" name="test_clear_existing_store_reuses_compiled_context[unique_per_conduit-False]" time="0.007" /><testcase classname="context_compass.artifacts.purge_scope_discovery_20260920.test_store_characterization" name="test_clear_existing_store_reuses_compiled_context[unique_per_conduit-True]" time="0.007" /><testcase classname="context_compass.artifacts.purge_scope_discovery_20260920.test_store_characterization" name="test_clear_existing_store_reuses_compiled_context[unique_per_conduit_lineage-False]" time="0.006" /><testcase classname="context_compass.artifacts.purge_scope_discovery_20260920.test_store_characterization" name="test_clear_existing_store_reuses_compiled_context[unique_per_conduit_lineage-True]" time="0.007" /><testcase classname="context_compass.artifacts.purge_scope_discovery_20260920.test_store_characterization" name="test_clear_existing_store_reuses_compiled_context[unique_per_spell_space-False]" time="0.007" /><testcase classname="context_compass.artifacts.purge_scope_discovery_20260920.test_store_characterization" name="test_clear_existing_store_reuses_compiled_context[unique_per_spell_space-True]" time="0.007" /><testcase classname="context_compass.artifacts.purge_scope_discovery_20260920.test_store_characterization" name="test_many_retention_and_spellspace_routing[False-False]" time="0.007" /><testcase classname="context_compass.artifacts.purge_scope_discovery_20260920.test_store_characterization" name="test_many_retention_and_spellspace_routing[False-True]" time="0.007" /><testcase classname="context_compass.artifacts.purge_scope_discovery_20260920.test_store_characterization" name="test_many_retention_and_spellspace_routing[True-False]" time="0.007" /><testcase classname="context_compass.artifacts.purge_scope_discovery_20260920.test_store_characterization" name="test_many_retention_and_spellspace_routing[True-True]" time="0.007" /><testcase classname="context_compass.artifacts.purge_scope_discovery_20260920.test_store_characterization" name="test_cluster_store_owner_can_differ_from_spell_owner[False]" time="0.010" /><testcase classname="context_compass.artifacts.purge_scope_discovery_20260920.test_store_characterization" name="test_cluster_store_owner_can_differ_from_spell_owner[True]" time="0.079" /><testcase classname="context_compass.artifacts.purge_scope_discovery_20260920.test_store_characterization" name="test_existing_object_remains_resolvable_after_store_clear" time="0.007" /><testcase classname="context_compass.artifacts.purge_scope_discovery_20260920.test_store_characterization" name="test_existing_dependent_keeps_reference_after_provider_store_clear" time="0.009" /><testcase classname="tests.component.melder.aether.conduit.test_conduit_component_creations" name="test_component_conduit_meld_many_registers_multiple_creations" time="0.008" /><testcase classname="tests.component.melder.aether.conduit.test_conduit_component_creations" name="test_component_conduit_meld_unique_per_conduit_lineage_registers_in_lineage_bucket" time="0.009" /><testcase classname="tests.component.melder.aether.conduit.test_conduit_component_creations" name="test_component_conduit_meld_unique_per_conduit_cluster_registers_in_cluster_bucket" time="0.008" /><testcase classname="tests.component.melder.aether.conduit.test_conduit_component_creations" name="test_component_conduit_cleanup_disposes_across_scopes" time="0.008" /><testcase classname="tests.component.melder.aether.conduit.test_conduit_component_creations" name="test_component_conduit_upgrade_transfers_lesser_creations_and_reuses_unique" time="0.009" /><testcase classname="tests.component.melder.aether.conduit.test_conduit_component_creations" name="test_component_conduit_cleanup_disposes_lifo" time="0.008" /><testcase classname="tests.component.melder.aether.conduit.test_conduit_component_spellspace_creations" name="test_component_conduit_registers_existing_object_after_conjure" time="0.008" /><testcase classname="tests.component.melder.aether.conduit.test_conduit_component_spellspace_creations" name="test_component_spellspace_cleanup_disposes_and_clears_bucket" time="0.008" /><testcase classname="tests.component.melder.aether.conduit.test_conduit_component_spellspace_creations" name="test_component_spellspace_cleanup_preserves_other_spellspaces" time="0.008" /><testcase classname="tests.component.melder.aether.conduit.test_conduit_component_spellspace_creations" name="test_component_conduit_create_spellspace_reuses_pooled_instance" time="0.005" /><testcase classname="tests.component.melder.aether.conduit.test_conduit_component_spellspace_creations" name="test_component_conduit_pool_preserves_fixed_spellspace_collaborators" time="0.005" /><testcase classname="tests.component.melder.aether.conduit.test_conduit_component_spellspace_creations" name="test_component_conduit_permanent_cleanup_drops_spellspace_from_reuse" time="0.005" /><testcase classname="tests.component.melder.aether.conduit.test_conduit_component_spellspace_creations" name="test_component_conduit_cleanup_destroys_idle_pooled_spellspaces" time="0.005" /><testcase classname="tests.component.melder.aether.conduit.test_conduit_component_spellspace_creations" name="test_component_spellspace_pool_cleanup_destroys_idle_spellspaces_directly" time="0.005" /><testcase classname="tests.integration.melder.conduit.test_conduit_integration_lineage_isolation" name="test_dependency_many_parent_resolves_root_lineage_instance" time="0.010" /><testcase classname="tests.integration.melder.conduit.test_conduit_integration_lineage_isolation" name="test_dependency_upc_parent_resolves_root_lineage_instance" time="0.009" /><testcase classname="tests.integration.melder.conduit.test_conduit_integration_cluster_isolation" name="test_single_cluster_leader_and_members_share" time="0.016" /><testcase classname="tests.integration.melder.conduit.test_conduit_integration_cluster_isolation" name="test_many_members_all_share" time="0.026" /><testcase classname="tests.integration.melder.conduit.test_conduit_integration_cluster_isolation" name="test_two_distinct_cluster_spells_each_shared" time="0.014" /><testcase classname="tests.integration.melder.conduit.test_conduit_integration_cluster_isolation" name="test_dependency_resolves_shared_cluster_instance" time="0.012" /><testcase classname="tests.integration.melder.conduit.test_conduit_integration_cluster_isolation" name="test_dependency_on_leader_lesser_resolves_cluster_instance" time="0.010" /><testcase classname="tests.experimentation.test_spellspace_cross_thread_scope_experiment" name="test_spellspace_direct_use_without_any_active_scope_reuses_across_threads" time="0.010" /></testsuite></testsuites>