<?xml version="1.0" encoding="utf-8"?><testsuites name="pytest tests"><testsuite name="pytest" errors="0" failures="0" skipped="0" tests="15" time="0.390" timestamp="2026-09-13T08:54:58.838662-06:00" hostname="DESKTOP-HCNUTDQ"><testcase classname="tests.experimentation.test_optional_dependency_default_resolution_experiment" name="test_registered_class_is_injected_despite_optional_none_default[automatic_prebind-default]" time="0.052" /><testcase classname="tests.experimentation.test_optional_dependency_default_resolution_experiment" name="test_registered_class_is_injected_despite_optional_none_default[automatic_prebind-named]" time="0.005" /><testcase classname="tests.experimentation.test_optional_dependency_default_resolution_experiment" name="test_registered_class_is_injected_despite_optional_none_default[automatic_prebind-named_and_framed]" time="0.004" /><testcase classname="tests.experimentation.test_optional_dependency_default_resolution_experiment" name="test_registered_class_is_injected_despite_optional_none_default[dynamic_prebind-default]" time="0.005" /><testcase classname="tests.experimentation.test_optional_dependency_default_resolution_experiment" name="test_registered_class_is_injected_despite_optional_none_default[dynamic_prebind-named]" time="0.004" /><testcase classname="tests.experimentation.test_optional_dependency_default_resolution_experiment" name="test_registered_class_is_injected_despite_optional_none_default[dynamic_prebind-named_and_framed]" time="0.004" /><testcase classname="tests.experimentation.test_optional_dependency_default_resolution_experiment" name="test_registered_class_is_injected_despite_optional_none_default[dynamic_postbind-default]" time="0.005" /><testcase classname="tests.experimentation.test_optional_dependency_default_resolution_experiment" name="test_registered_class_is_injected_despite_optional_none_default[dynamic_postbind-named]" time="0.005" /><testcase classname="tests.experimentation.test_optional_dependency_default_resolution_experiment" name="test_registered_class_is_injected_despite_optional_none_default[dynamic_postbind-named_and_framed]" time="0.005" /><testcase classname="tests.experimentation.test_optional_dependency_default_resolution_experiment" name="test_missing_optional_provider_currently_fails_instead_of_using_none[automatic_prebind]" time="0.002" /><testcase classname="tests.experimentation.test_optional_dependency_default_resolution_experiment" name="test_missing_optional_provider_currently_fails_instead_of_using_none[dynamic_prebind]" time="0.002" /><testcase classname="tests.experimentation.test_optional_dependency_default_resolution_experiment" name="test_missing_optional_provider_currently_fails_instead_of_using_none[dynamic_postbind]" time="0.001" /><testcase classname="tests.experimentation.test_optional_dependency_default_resolution_experiment" name="test_plain_optional_object_default_stays_none_with_provider_registered[automatic_prebind]" time="0.004" /><testcase classname="tests.experimentation.test_optional_dependency_default_resolution_experiment" name="test_plain_optional_object_default_stays_none_with_provider_registered[dynamic_prebind]" time="0.004" /><testcase classname="tests.experimentation.test_optional_dependency_default_resolution_experiment" name="test_plain_optional_object_default_stays_none_with_provider_registered[dynamic_postbind]" time="0.004" /></testsuite></testsuites>