<?xml version="1.0" encoding="utf-8"?><testsuites name="pytest tests"><testsuite name="pytest" errors="0" failures="0" skipped="0" tests="22" time="0.493" timestamp="2026-09-20T17:38:14.144762-06:00" hostname="DESKTOP-HCNUTDQ"><testcase classname="tests.experimentation.test_meld_instance_reference_discovery_experiment" name="test_instance_selects_the_binding_then_obeys_its_existence[False-unique]" time="0.018" /><testcase classname="tests.experimentation.test_meld_instance_reference_discovery_experiment" name="test_instance_selects_the_binding_then_obeys_its_existence[False-unique_per_conduit]" time="0.008" /><testcase classname="tests.experimentation.test_meld_instance_reference_discovery_experiment" name="test_instance_selects_the_binding_then_obeys_its_existence[False-many]" time="0.007" /><testcase classname="tests.experimentation.test_meld_instance_reference_discovery_experiment" name="test_instance_selects_the_binding_then_obeys_its_existence[True-unique]" time="0.006" /><testcase classname="tests.experimentation.test_meld_instance_reference_discovery_experiment" name="test_instance_selects_the_binding_then_obeys_its_existence[True-unique_per_spell_space]" time="0.007" /><testcase classname="tests.experimentation.test_meld_instance_reference_discovery_experiment" name="test_instance_selects_the_binding_then_obeys_its_existence[True-many]" time="0.007" /><testcase classname="tests.experimentation.test_meld_instance_reference_discovery_experiment" name="test_named_instance_still_requires_its_binding_name[False]" time="0.006" /><testcase classname="tests.experimentation.test_meld_instance_reference_discovery_experiment" name="test_named_instance_still_requires_its_binding_name[True]" time="0.006" /><testcase classname="tests.experimentation.test_meld_instance_reference_discovery_experiment" name="test_framed_instance_still_requires_its_frame_address[reference-services-False]" time="0.006" /><testcase classname="tests.experimentation.test_meld_instance_reference_discovery_experiment" name="test_framed_instance_still_requires_its_frame_address[reference-services-True]" time="0.006" /><testcase classname="tests.experimentation.test_meld_instance_reference_discovery_experiment" name="test_framed_instance_still_requires_its_frame_address[ReferenceFrame-False]" time="0.006" /><testcase classname="tests.experimentation.test_meld_instance_reference_discovery_experiment" name="test_framed_instance_still_requires_its_frame_address[ReferenceFrame-True]" time="0.006" /><testcase classname="tests.experimentation.test_meld_instance_reference_discovery_experiment" name="test_unregistered_reference_selects_a_binding_without_becoming_its_creation[False]" time="0.006" /><testcase classname="tests.experimentation.test_meld_instance_reference_discovery_experiment" name="test_unregistered_reference_selects_a_binding_without_becoming_its_creation[True]" time="0.006" /><testcase classname="tests.experimentation.test_meld_instance_reference_discovery_experiment" name="test_reference_from_another_scope_resolves_in_the_calling_scope[False]" time="0.006" /><testcase classname="tests.experimentation.test_meld_instance_reference_discovery_experiment" name="test_reference_from_another_scope_resolves_in_the_calling_scope[True]" time="0.006" /><testcase classname="tests.experimentation.test_meld_instance_reference_discovery_experiment" name="test_bound_existing_instance_is_returned_by_reference_lookup[False]" time="0.005" /><testcase classname="tests.experimentation.test_meld_instance_reference_discovery_experiment" name="test_bound_existing_instance_is_returned_by_reference_lookup[True]" time="0.006" /><testcase classname="tests.experimentation.test_meld_instance_reference_discovery_experiment" name="test_factory_product_does_not_identify_its_registered_factory[False]" time="0.043" /><testcase classname="tests.experimentation.test_meld_instance_reference_discovery_experiment" name="test_factory_product_does_not_identify_its_registered_factory[True]" time="0.011" /><testcase classname="tests.experimentation.test_meld_instance_reference_discovery_experiment" name="test_unhashable_instance_still_resolves_without_the_input_cache[False]" time="0.007" /><testcase classname="tests.experimentation.test_meld_instance_reference_discovery_experiment" name="test_unhashable_instance_still_resolves_without_the_input_cache[True]" time="0.007" /></testsuite></testsuites>