<?xml version="1.0" encoding="utf-8"?><testsuites name="pytest tests"><testsuite name="pytest" errors="0" failures="2" skipped="0" tests="22" time="0.958" timestamp="2026-09-20T17:36:54.346738-06:00" hostname="DESKTOP-HCNUTDQ"><testcase classname="tests.experimentation.test_meld_instance_reference_discovery_experiment" name="test_instance_selects_the_binding_then_obeys_its_existence[False-unique]" time="0.076" /><testcase classname="tests.experimentation.test_meld_instance_reference_discovery_experiment" name="test_instance_selects_the_binding_then_obeys_its_existence[False-unique_per_conduit]" time="0.015" /><testcase classname="tests.experimentation.test_meld_instance_reference_discovery_experiment" name="test_instance_selects_the_binding_then_obeys_its_existence[False-many]" time="0.013" /><testcase classname="tests.experimentation.test_meld_instance_reference_discovery_experiment" name="test_instance_selects_the_binding_then_obeys_its_existence[True-unique]" time="0.013" /><testcase classname="tests.experimentation.test_meld_instance_reference_discovery_experiment" name="test_instance_selects_the_binding_then_obeys_its_existence[True-unique_per_spell_space]" time="0.008" /><testcase classname="tests.experimentation.test_meld_instance_reference_discovery_experiment" name="test_instance_selects_the_binding_then_obeys_its_existence[True-many]" time="0.010" /><testcase classname="tests.experimentation.test_meld_instance_reference_discovery_experiment" name="test_named_instance_still_requires_its_binding_name[False]" time="0.008" /><testcase classname="tests.experimentation.test_meld_instance_reference_discovery_experiment" name="test_named_instance_still_requires_its_binding_name[True]" time="0.010" /><testcase classname="tests.experimentation.test_meld_instance_reference_discovery_experiment" name="test_framed_instance_still_requires_its_frame_address[reference-services-False]" time="0.008" /><testcase classname="tests.experimentation.test_meld_instance_reference_discovery_experiment" name="test_framed_instance_still_requires_its_frame_address[reference-services-True]" time="0.011" /><testcase classname="tests.experimentation.test_meld_instance_reference_discovery_experiment" name="test_framed_instance_still_requires_its_frame_address[ReferenceFrame-False]" time="0.008" /><testcase classname="tests.experimentation.test_meld_instance_reference_discovery_experiment" name="test_framed_instance_still_requires_its_frame_address[ReferenceFrame-True]" time="0.010" /><testcase classname="tests.experimentation.test_meld_instance_reference_discovery_experiment" name="test_named_reference_can_select_an_existing_default_binding[False]" time="0.006"><failure message="melder.utilities.custom_exceptions.spellbook_validation_error.SpellbookValidationError: Spellbook validation failed; one or more spells are broken. Broken spells: ReferenceResource (id=9445c70c4c9f5514f9cdaae7bcf21b1259fd68d711d1c5d111d63a235552d778, frame=None); ReferenceResource (id=5f5aa86a199713ccb3d782267520b002633d76530a15e2a07a4373317f927268, frame=None)&#10;Diagnostics:&#10;Phase 4 issues:&#10;- Spell 'ReferenceResource' (id=9445c70c4c9f5514f9cdaae7bcf21b1259fd68d711d1c5d111d63a235552d778, frame=None):&#10;    - [error] DUPLICATE_SPELL_NAME (source=DuplicateSpellNameStrategy): Multiple visible spells share the name 'ReferenceResource'. Name-based resolution via meld(spell_name=...) would be ambiguous. Disambiguate by using a spellframe (Protocol/string frame key) and/or a binding_name so that each resolution path is uniquely identifiable.&#10;      details: {'spell_name': 'ReferenceResource', 'collision_count': 2, 'collisions': [{'spell_index_id': '01M30JW2B7TX6MWGNV0N87CSAR', 'spell_id': '9445c70c4c9f5514f9cdaae7bcf21b1259fd68d711d1c5d111d63a235552d778', 'spellframe': None, 'binding_name': None}, {'spell_index_id': '01M30JW2B775F95B9N0Q5G42PW', 'spell_id': '5f5aa86a199713ccb3d782267520b002633d76530a15e2a07a4373317f927268', 'spellframe': None, 'binding_name': 'blue'}]}&#10;- Spell 'ReferenceResource' (id=5f5aa86a199713ccb3d782267520b002633d76530a15e2a07a4373317f927268, frame=None):&#10;    - [error] DUPLICATE_SPELL_NAME (source=DuplicateSpellNameStrategy): Multiple visible spells share the name 'ReferenceResource'. Name-based resolution via meld(spell_name=...) would be ambiguous. Disambiguate by using a spellframe (Protocol/string frame key) and/or a binding_name so that each resolution path is uniquely identifiable.&#10;      details: {'spell_name': 'ReferenceResource', 'collision_count': 2, 'collisions': [{'spell_index_id': '01M30JW2B7TX6MWGNV0N87CSAR', 'spell_id': '9445c70c4c9f5514f9cdaae7bcf21b1259fd68d711d1c5d111d63a235552d778', 'spellframe': None, 'binding_name': None}, {'spell_index_id': '01M30JW2B775F95B9N0Q5G42PW', 'spell_id': '5f5aa86a199713ccb3d782267520b002633d76530a15e2a07a4373317f927268', 'spellframe': None, 'binding_name': 'blue'}]}&#10;Phase 6 diagnostics:&#10;  (none recorded)">reference_book = &lt;melder.aether.spellbook.spellbook.Spellbook object at 0x0000032A4C0E0610&gt;
spellspace = False

    @pytest.mark.parametrize("spellspace", [False, True])
    def test_named_reference_can_select_an_existing_default_binding(
            reference_book: Spellbook,
            spellspace: bool,
    ) -&gt; None:
        """
        Purpose: Check whether instance identity overrides the normal default address.
        Contract: An object from blue resolves the default when the qualifier is omitted.
            A never-registered instance of the same class can select that default too.
        Args: reference_book: Isolated book; spellspace: Public facade under test.
        Returns: None.
        """
        default_id = reference_book.bind(spell=ReferenceResource, existence="unique")
        blue_id = reference_book.bind(
            spell=ReferenceResource, existence="unique", binding_name="blue",
        )
&gt;       with _caller(reference_book, spellspace=spellspace) as caller:
             ^^^^^^^^^^^^^^^^^^^^^^^^^^^^^^^^^^^^^^^^^^^^^^

tests\experimentation\test_meld_instance_reference_discovery_experiment.py:233: 
_ _ _ _ _ _ _ _ _ _ _ _ _ _ _ _ _ _ _ _ _ _ _ _ _ _ _ _ _ _ _ _ _ _ _ _ _ _ _ _
..\..\AppData\Roaming\uv\python\cpython-3.14+freethreaded-windows-x86_64-none\Lib\contextlib.py:141: in __enter__
    return next(self.gen)
           ^^^^^^^^^^^^^^
tests\experimentation\test_meld_instance_reference_discovery_experiment.py:114: in _caller
    root = book.conjure(dynamic=True)
           ^^^^^^^^^^^^^^^^^^^^^^^^^^
src\melder\aether\spellbook\spellbook.py:6471: in conjure
    return self._conjure_within_transaction_window(
src\melder\aether\spellbook\spellbook.py:6575: in _conjure_within_transaction_window
    return spellbook_creation_system.conjure()
           ^^^^^^^^^^^^^^^^^^^^^^^^^^^^^^^^^^^
src\melder\aether\spellbook\spellbook_creation_system.py:222: in conjure
    SpellbookCreationSystem._prepare_spellbook_for_conjure(
src\melder\aether\spellbook\spellbook_creation_system.py:313: in _prepare_spellbook_for_conjure
    SpellbookCreationSystem.run_structural_phases(
src\melder\aether\spellbook\spellbook_creation_system.py:1395: in run_structural_phases
    SpellbookCreationSystem._raise_structural_validation_error(
_ _ _ _ _ _ _ _ _ _ _ _ _ _ _ _ _ _ _ _ _ _ _ _ _ _ _ _ _ _ _ _ _ _ _ _ _ _ _ _

spellbook = &lt;melder.aether.spellbook.spellbook.Spellbook object at 0x0000032A4C0E0610&gt;
broken_spells = [Spell(name=ReferenceResource, binding=__default__, frame=type, SHA256=9445c70c4c9f5514f9cdaae7bcf21b1259fd68d711d1c5d...=ReferenceResource, binding=blue, frame=type, SHA256=5f5aa86a199713ccb3d782267520b002633d76530a15e2a07a4373317f927268)]
context_name = '_run_structural_phases'
message_prefix = 'Spellbook structural pipeline completed with broken spells; '

    @staticmethod
    def _raise_structural_validation_error(
            *,
            spellbook: Spellbook,
            broken_spells: list[Spell],
            context_name: str,
            message_prefix: str,
    ) -&gt; None:
        """
        Purpose:
            Log and raise SpellbookValidationError for broken structural results.
        Contract:
            - Includes broken spell ids/names in error logs.
            - Always raises `SpellbookValidationError`.
        Args:
            spellbook: Owning Spellbook instance.
            broken_spells: Broken spells to report.
            context_name: Logging context label.
            message_prefix: Prefix for the log message body.
        Returns:
            None.
        Raises:
            SpellbookValidationError: Always rose with `broken_spells`.
        """
        broken_spell_ids = [spell.spell_id for spell in broken_spells]
        broken_spell_names = [spell.spell_name for spell in broken_spells]
        spellbook._logger.error(
            f"{message_prefix}"
            f"raising SpellbookValidationError. "
            f"broken_spell_ids={broken_spell_ids}, "
            f"broken_spell_names={broken_spell_names}",
            context_name,
        )
&gt;       raise SpellbookValidationError(broken_spells)
E       melder.utilities.custom_exceptions.spellbook_validation_error.SpellbookValidationError: Spellbook validation failed; one or more spells are broken. Broken spells: ReferenceResource (id=9445c70c4c9f5514f9cdaae7bcf21b1259fd68d711d1c5d111d63a235552d778, frame=None); ReferenceResource (id=5f5aa86a199713ccb3d782267520b002633d76530a15e2a07a4373317f927268, frame=None)
E       Diagnostics:
E       Phase 4 issues:
E       - Spell 'ReferenceResource' (id=9445c70c4c9f5514f9cdaae7bcf21b1259fd68d711d1c5d111d63a235552d778, frame=None):
E           - [error] DUPLICATE_SPELL_NAME (source=DuplicateSpellNameStrategy): Multiple visible spells share the name 'ReferenceResource'. Name-based resolution via meld(spell_name=...) would be ambiguous. Disambiguate by using a spellframe (Protocol/string frame key) and/or a binding_name so that each resolution path is uniquely identifiable.
E             details: {'spell_name': 'ReferenceResource', 'collision_count': 2, 'collisions': [{'spell_index_id': '01M30JW2B7TX6MWGNV0N87CSAR', 'spell_id': '9445c70c4c9f5514f9cdaae7bcf21b1259fd68d711d1c5d111d63a235552d778', 'spellframe': None, 'binding_name': None}, {'spell_index_id': '01M30JW2B775F95B9N0Q5G42PW', 'spell_id': '5f5aa86a199713ccb3d782267520b002633d76530a15e2a07a4373317f927268', 'spellframe': None, 'binding_name': 'blue'}]}
E       - Spell 'ReferenceResource' (id=5f5aa86a199713ccb3d782267520b002633d76530a15e2a07a4373317f927268, frame=None):
E           - [error] DUPLICATE_SPELL_NAME (source=DuplicateSpellNameStrategy): Multiple visible spells share the name 'ReferenceResource'. Name-based resolution via meld(spell_name=...) would be ambiguous. Disambiguate by using a spellframe (Protocol/string frame key) and/or a binding_name so that each resolution path is uniquely identifiable.
E             details: {'spell_name': 'ReferenceResource', 'collision_count': 2, 'collisions': [{'spell_index_id': '01M30JW2B7TX6MWGNV0N87CSAR', 'spell_id': '9445c70c4c9f5514f9cdaae7bcf21b1259fd68d711d1c5d111d63a235552d778', 'spellframe': None, 'binding_name': None}, {'spell_index_id': '01M30JW2B775F95B9N0Q5G42PW', 'spell_id': '5f5aa86a199713ccb3d782267520b002633d76530a15e2a07a4373317f927268', 'spellframe': None, 'binding_name': 'blue'}]}
E       Phase 6 diagnostics:
E         (none recorded)

src\melder\aether\spellbook\spellbook_creation_system.py:1993: SpellbookValidationError</failure></testcase><testcase classname="tests.experimentation.test_meld_instance_reference_discovery_experiment" name="test_named_reference_can_select_an_existing_default_binding[True]" time="0.007"><failure message="melder.utilities.custom_exceptions.spellbook_validation_error.SpellbookValidationError: Spellbook validation failed; one or more spells are broken. Broken spells: ReferenceResource (id=9445c70c4c9f5514f9cdaae7bcf21b1259fd68d711d1c5d111d63a235552d778, frame=None); ReferenceResource (id=5f5aa86a199713ccb3d782267520b002633d76530a15e2a07a4373317f927268, frame=None)&#10;Diagnostics:&#10;Phase 4 issues:&#10;- Spell 'ReferenceResource' (id=9445c70c4c9f5514f9cdaae7bcf21b1259fd68d711d1c5d111d63a235552d778, frame=None):&#10;    - [error] DUPLICATE_SPELL_NAME (source=DuplicateSpellNameStrategy): Multiple visible spells share the name 'ReferenceResource'. Name-based resolution via meld(spell_name=...) would be ambiguous. Disambiguate by using a spellframe (Protocol/string frame key) and/or a binding_name so that each resolution path is uniquely identifiable.&#10;      details: {'spell_name': 'ReferenceResource', 'collision_count': 2, 'collisions': [{'spell_index_id': '01M30JW2JGR0GFRTPYNC7BSA9S', 'spell_id': '9445c70c4c9f5514f9cdaae7bcf21b1259fd68d711d1c5d111d63a235552d778', 'spellframe': None, 'binding_name': None}, {'spell_index_id': '01M30JW2JG3RA6PGXKR091T3ED', 'spell_id': '5f5aa86a199713ccb3d782267520b002633d76530a15e2a07a4373317f927268', 'spellframe': None, 'binding_name': 'blue'}]}&#10;- Spell 'ReferenceResource' (id=5f5aa86a199713ccb3d782267520b002633d76530a15e2a07a4373317f927268, frame=None):&#10;    - [error] DUPLICATE_SPELL_NAME (source=DuplicateSpellNameStrategy): Multiple visible spells share the name 'ReferenceResource'. Name-based resolution via meld(spell_name=...) would be ambiguous. Disambiguate by using a spellframe (Protocol/string frame key) and/or a binding_name so that each resolution path is uniquely identifiable.&#10;      details: {'spell_name': 'ReferenceResource', 'collision_count': 2, 'collisions': [{'spell_index_id': '01M30JW2JGR0GFRTPYNC7BSA9S', 'spell_id': '9445c70c4c9f5514f9cdaae7bcf21b1259fd68d711d1c5d111d63a235552d778', 'spellframe': None, 'binding_name': None}, {'spell_index_id': '01M30JW2JG3RA6PGXKR091T3ED', 'spell_id': '5f5aa86a199713ccb3d782267520b002633d76530a15e2a07a4373317f927268', 'spellframe': None, 'binding_name': 'blue'}]}&#10;Phase 6 diagnostics:&#10;  (none recorded)">reference_book = &lt;melder.aether.spellbook.spellbook.Spellbook object at 0x0000032A4C0E0910&gt;
spellspace = True

    @pytest.mark.parametrize("spellspace", [False, True])
    def test_named_reference_can_select_an_existing_default_binding(
            reference_book: Spellbook,
            spellspace: bool,
    ) -&gt; None:
        """
        Purpose: Check whether instance identity overrides the normal default address.
        Contract: An object from blue resolves the default when the qualifier is omitted.
            A never-registered instance of the same class can select that default too.
        Args: reference_book: Isolated book; spellspace: Public facade under test.
        Returns: None.
        """
        default_id = reference_book.bind(spell=ReferenceResource, existence="unique")
        blue_id = reference_book.bind(
            spell=ReferenceResource, existence="unique", binding_name="blue",
        )
&gt;       with _caller(reference_book, spellspace=spellspace) as caller:
             ^^^^^^^^^^^^^^^^^^^^^^^^^^^^^^^^^^^^^^^^^^^^^^

tests\experimentation\test_meld_instance_reference_discovery_experiment.py:233: 
_ _ _ _ _ _ _ _ _ _ _ _ _ _ _ _ _ _ _ _ _ _ _ _ _ _ _ _ _ _ _ _ _ _ _ _ _ _ _ _
..\..\AppData\Roaming\uv\python\cpython-3.14+freethreaded-windows-x86_64-none\Lib\contextlib.py:141: in __enter__
    return next(self.gen)
           ^^^^^^^^^^^^^^
tests\experimentation\test_meld_instance_reference_discovery_experiment.py:114: in _caller
    root = book.conjure(dynamic=True)
           ^^^^^^^^^^^^^^^^^^^^^^^^^^
src\melder\aether\spellbook\spellbook.py:6471: in conjure
    return self._conjure_within_transaction_window(
src\melder\aether\spellbook\spellbook.py:6575: in _conjure_within_transaction_window
    return spellbook_creation_system.conjure()
           ^^^^^^^^^^^^^^^^^^^^^^^^^^^^^^^^^^^
src\melder\aether\spellbook\spellbook_creation_system.py:222: in conjure
    SpellbookCreationSystem._prepare_spellbook_for_conjure(
src\melder\aether\spellbook\spellbook_creation_system.py:313: in _prepare_spellbook_for_conjure
    SpellbookCreationSystem.run_structural_phases(
src\melder\aether\spellbook\spellbook_creation_system.py:1395: in run_structural_phases
    SpellbookCreationSystem._raise_structural_validation_error(
_ _ _ _ _ _ _ _ _ _ _ _ _ _ _ _ _ _ _ _ _ _ _ _ _ _ _ _ _ _ _ _ _ _ _ _ _ _ _ _

spellbook = &lt;melder.aether.spellbook.spellbook.Spellbook object at 0x0000032A4C0E0910&gt;
broken_spells = [Spell(name=ReferenceResource, binding=__default__, frame=type, SHA256=9445c70c4c9f5514f9cdaae7bcf21b1259fd68d711d1c5d...=ReferenceResource, binding=blue, frame=type, SHA256=5f5aa86a199713ccb3d782267520b002633d76530a15e2a07a4373317f927268)]
context_name = '_run_structural_phases'
message_prefix = 'Spellbook structural pipeline completed with broken spells; '

    @staticmethod
    def _raise_structural_validation_error(
            *,
            spellbook: Spellbook,
            broken_spells: list[Spell],
            context_name: str,
            message_prefix: str,
    ) -&gt; None:
        """
        Purpose:
            Log and raise SpellbookValidationError for broken structural results.
        Contract:
            - Includes broken spell ids/names in error logs.
            - Always raises `SpellbookValidationError`.
        Args:
            spellbook: Owning Spellbook instance.
            broken_spells: Broken spells to report.
            context_name: Logging context label.
            message_prefix: Prefix for the log message body.
        Returns:
            None.
        Raises:
            SpellbookValidationError: Always rose with `broken_spells`.
        """
        broken_spell_ids = [spell.spell_id for spell in broken_spells]
        broken_spell_names = [spell.spell_name for spell in broken_spells]
        spellbook._logger.error(
            f"{message_prefix}"
            f"raising SpellbookValidationError. "
            f"broken_spell_ids={broken_spell_ids}, "
            f"broken_spell_names={broken_spell_names}",
            context_name,
        )
&gt;       raise SpellbookValidationError(broken_spells)
E       melder.utilities.custom_exceptions.spellbook_validation_error.SpellbookValidationError: Spellbook validation failed; one or more spells are broken. Broken spells: ReferenceResource (id=9445c70c4c9f5514f9cdaae7bcf21b1259fd68d711d1c5d111d63a235552d778, frame=None); ReferenceResource (id=5f5aa86a199713ccb3d782267520b002633d76530a15e2a07a4373317f927268, frame=None)
E       Diagnostics:
E       Phase 4 issues:
E       - Spell 'ReferenceResource' (id=9445c70c4c9f5514f9cdaae7bcf21b1259fd68d711d1c5d111d63a235552d778, frame=None):
E           - [error] DUPLICATE_SPELL_NAME (source=DuplicateSpellNameStrategy): Multiple visible spells share the name 'ReferenceResource'. Name-based resolution via meld(spell_name=...) would be ambiguous. Disambiguate by using a spellframe (Protocol/string frame key) and/or a binding_name so that each resolution path is uniquely identifiable.
E             details: {'spell_name': 'ReferenceResource', 'collision_count': 2, 'collisions': [{'spell_index_id': '01M30JW2JGR0GFRTPYNC7BSA9S', 'spell_id': '9445c70c4c9f5514f9cdaae7bcf21b1259fd68d711d1c5d111d63a235552d778', 'spellframe': None, 'binding_name': None}, {'spell_index_id': '01M30JW2JG3RA6PGXKR091T3ED', 'spell_id': '5f5aa86a199713ccb3d782267520b002633d76530a15e2a07a4373317f927268', 'spellframe': None, 'binding_name': 'blue'}]}
E       - Spell 'ReferenceResource' (id=5f5aa86a199713ccb3d782267520b002633d76530a15e2a07a4373317f927268, frame=None):
E           - [error] DUPLICATE_SPELL_NAME (source=DuplicateSpellNameStrategy): Multiple visible spells share the name 'ReferenceResource'. Name-based resolution via meld(spell_name=...) would be ambiguous. Disambiguate by using a spellframe (Protocol/string frame key) and/or a binding_name so that each resolution path is uniquely identifiable.
E             details: {'spell_name': 'ReferenceResource', 'collision_count': 2, 'collisions': [{'spell_index_id': '01M30JW2JGR0GFRTPYNC7BSA9S', 'spell_id': '9445c70c4c9f5514f9cdaae7bcf21b1259fd68d711d1c5d111d63a235552d778', 'spellframe': None, 'binding_name': None}, {'spell_index_id': '01M30JW2JG3RA6PGXKR091T3ED', 'spell_id': '5f5aa86a199713ccb3d782267520b002633d76530a15e2a07a4373317f927268', 'spellframe': None, 'binding_name': 'blue'}]}
E       Phase 6 diagnostics:
E         (none recorded)

src\melder\aether\spellbook\spellbook_creation_system.py:1993: SpellbookValidationError</failure></testcase><testcase classname="tests.experimentation.test_meld_instance_reference_discovery_experiment" name="test_reference_from_another_scope_resolves_in_the_calling_scope[False]" time="0.007" /><testcase classname="tests.experimentation.test_meld_instance_reference_discovery_experiment" name="test_reference_from_another_scope_resolves_in_the_calling_scope[True]" time="0.006" /><testcase classname="tests.experimentation.test_meld_instance_reference_discovery_experiment" name="test_bound_existing_instance_is_returned_by_reference_lookup[False]" time="0.007" /><testcase classname="tests.experimentation.test_meld_instance_reference_discovery_experiment" name="test_bound_existing_instance_is_returned_by_reference_lookup[True]" time="0.006" /><testcase classname="tests.experimentation.test_meld_instance_reference_discovery_experiment" name="test_factory_product_does_not_identify_its_registered_factory[False]" time="0.008" /><testcase classname="tests.experimentation.test_meld_instance_reference_discovery_experiment" name="test_factory_product_does_not_identify_its_registered_factory[True]" time="0.010" /><testcase classname="tests.experimentation.test_meld_instance_reference_discovery_experiment" name="test_unhashable_instance_still_resolves_without_the_input_cache[False]" time="0.008" /><testcase classname="tests.experimentation.test_meld_instance_reference_discovery_experiment" name="test_unhashable_instance_still_resolves_without_the_input_cache[True]" time="0.010" /></testsuite></testsuites>