<?xml version="1.0" encoding="utf-8"?><testsuites name="pytest tests"><testsuite name="pytest" errors="0" failures="0" skipped="0" tests="5" time="0.314" timestamp="2026-09-17T15:43:22.719750-06:00" hostname="DESKTOP-HCNUTDQ"><testcase classname="context_compass.artifacts.existing_object_discovery_20260917.test_reference_crystals" name="test_synthetic_source_and_instance_rebindability[False]" time="0.015" /><testcase classname="context_compass.artifacts.existing_object_discovery_20260917.test_reference_crystals" name="test_synthetic_source_and_instance_rebindability[True]" time="0.005" /><testcase classname="context_compass.artifacts.existing_object_discovery_20260917.test_reference_crystals" name="test_live_only_named_origin_remains_an_unknown_leaf" time="0.005" /><testcase classname="context_compass.artifacts.existing_object_discovery_20260917.test_reference_crystals" name="test_live_reference_without_module_name_cannot_form_current_crystal" time="0.004" /><testcase classname="context_compass.artifacts.existing_object_discovery_20260917.test_reference_crystals" name="test_instance_fingerprint_is_not_a_reference_identity" time="0.000" /></testsuite></testsuites>