<?xml version="1.0" encoding="utf-8"?><testsuites name="pytest tests"><testsuite name="pytest" errors="0" failures="0" skipped="0" tests="4" time="0.438" timestamp="2026-09-17T15:39:07.302262-06:00" hostname="DESKTOP-HCNUTDQ"><testcase classname="context_compass.artifacts.existing_object_discovery_20260917.test_reference_transitions" name="test_transfer_store_and_returned_reference[False]" time="0.013" /><testcase classname="context_compass.artifacts.existing_object_discovery_20260917.test_reference_transitions" name="test_transfer_store_and_returned_reference[True]" time="0.011" /><testcase classname="context_compass.artifacts.existing_object_discovery_20260917.test_reference_transitions" name="test_staged_reference_selection_and_store_admission[False]" time="0.007" /><testcase classname="context_compass.artifacts.existing_object_discovery_20260917.test_reference_transitions" name="test_staged_reference_selection_and_store_admission[True]" time="0.006" /></testsuite></testsuites>