<?xml version="1.0" encoding="utf-8"?><testsuites name="pytest tests"><testsuite name="pytest" errors="0" failures="0" skipped="0" tests="16" time="0.382" timestamp="2026-09-13T05:51:54.623517-06:00" hostname="DESKTOP-HCNUTDQ"><testcase classname="tests.experimentation.test_meld_human_spell_name_string_experiment" name="test_positional_human_spell_name_and_explicit_id_behavior" time="0.014" /><testcase classname="tests.experimentation.test_meld_human_spell_name_string_experiment" name="test_omitted_binding_does_not_fall_back_before_or_after_named_meld[automatic_prebind]" time="0.041" /><testcase classname="tests.experimentation.test_meld_human_spell_name_string_experiment" name="test_omitted_binding_does_not_fall_back_before_or_after_named_meld[dynamic_prebind]" time="0.004" /><testcase classname="tests.experimentation.test_meld_human_spell_name_string_experiment" name="test_omitted_binding_does_not_fall_back_before_or_after_named_meld[dynamic_postbind]" time="0.005" /><testcase classname="tests.experimentation.test_meld_human_spell_name_string_experiment" name="test_explicit_binding_call_forms_return_the_same_unique_instance[automatic_prebind]" time="0.003" /><testcase classname="tests.experimentation.test_meld_human_spell_name_string_experiment" name="test_explicit_binding_call_forms_return_the_same_unique_instance[dynamic_prebind]" time="0.003" /><testcase classname="tests.experimentation.test_meld_human_spell_name_string_experiment" name="test_explicit_binding_call_forms_return_the_same_unique_instance[dynamic_postbind]" time="0.004" /><testcase classname="tests.experimentation.test_meld_human_spell_name_string_experiment" name="test_binding_keyword_alone_requires_a_spell_identity[automatic_prebind]" time="0.004" /><testcase classname="tests.experimentation.test_meld_human_spell_name_string_experiment" name="test_binding_keyword_alone_requires_a_spell_identity[dynamic_prebind]" time="0.003" /><testcase classname="tests.experimentation.test_meld_human_spell_name_string_experiment" name="test_binding_keyword_alone_requires_a_spell_identity[dynamic_postbind]" time="0.001" /><testcase classname="tests.experimentation.test_meld_human_spell_name_string_experiment" name="test_binding_value_or_assignment_text_is_not_a_spell_name[automatic_prebind-test]" time="0.003" /><testcase classname="tests.experimentation.test_meld_human_spell_name_string_experiment" name="test_binding_value_or_assignment_text_is_not_a_spell_name[automatic_prebind-binding_name=&quot;test&quot;]" time="0.004" /><testcase classname="tests.experimentation.test_meld_human_spell_name_string_experiment" name="test_binding_value_or_assignment_text_is_not_a_spell_name[dynamic_prebind-test]" time="0.004" /><testcase classname="tests.experimentation.test_meld_human_spell_name_string_experiment" name="test_binding_value_or_assignment_text_is_not_a_spell_name[dynamic_prebind-binding_name=&quot;test&quot;]" time="0.004" /><testcase classname="tests.experimentation.test_meld_human_spell_name_string_experiment" name="test_binding_value_or_assignment_text_is_not_a_spell_name[dynamic_postbind-test]" time="0.002" /><testcase classname="tests.experimentation.test_meld_human_spell_name_string_experiment" name="test_binding_value_or_assignment_text_is_not_a_spell_name[dynamic_postbind-binding_name=&quot;test&quot;]" time="0.001" /></testsuite></testsuites>