<?xml version="1.0" encoding="utf-8"?><testsuites name="pytest tests"><testsuite name="pytest" errors="0" failures="1" skipped="0" tests="1845" time="11.928" timestamp="2026-09-19T13:55:01.011738-06:00" hostname="DESKTOP-HCNUTDQ"><testcase classname="tests.unit.melder.spellbook.bind.test_bind" name="test_bind_decorator_returns_original" time="0.001" /><testcase classname="tests.unit.melder.spellbook.bind.test_bind" name="test_bind_direct_returns_spell_stub" time="0.000" /><testcase classname="tests.unit.melder.spellbook.bind.test_bind" name="test_bind_rejects_module" time="0.001" /><testcase classname="tests.unit.melder.spellbook.bind.test_bind" name="test_bind_rejects_protocol_as_spell" time="0.000" /><testcase classname="tests.unit.melder.spellbook.bind.test_bind" name="test_existence_check_invalid_raises[None]" time="0.001" /><testcase classname="tests.unit.melder.spellbook.bind.test_bind" name="test_existence_check_invalid_raises[bad]" time="0.000" /><testcase classname="tests.unit.melder.spellbook.bind.test_bind" name="test_existence_check_invalid_raises[123]" time="0.000" /><testcase classname="tests.unit.melder.spellbook.bind.test_bind" name="test_existing_object_with_non_unique_existence_raises" time="0.000" /><testcase classname="tests.unit.melder.spellbook.bind.test_bind" name="test_validate_binding_rejects_invalid_existence_type[None]" time="0.001" /><testcase classname="tests.unit.melder.spellbook.bind.test_bind" name="test_validate_binding_rejects_invalid_existence_type[bad]" time="0.000" /><testcase classname="tests.unit.melder.spellbook.bind.test_bind" name="test_validate_binding_rejects_invalid_existence_type[123]" time="0.000" /><testcase classname="tests.unit.melder.spellbook.bind.test_bind" name="test_lambda_without_name_raises" time="0.000" /><testcase classname="tests.unit.melder.spellbook.bind.test_bind" name="test_callable_with_non_unique_existence_raises" time="0.000" /><testcase classname="tests.unit.melder.spellbook.bind.test_bind" name="test_valid_class_binding_passes" time="0.000" /><testcase classname="tests.unit.melder.spellbook.bind.test_bind" name="test_valid_callable_binding_passes" time="0.000" /><testcase classname="tests.unit.melder.spellbook.bind.test_bind" name="test_valid_existing_object_binding_passes" time="0.000" /><testcase classname="tests.unit.melder.spellbook.bind.test_bind" name="test_determine_spell_type[class_profile-None-None-SPELL]" time="0.000" /><testcase classname="tests.unit.melder.spellbook.bind.test_bind" name="test_determine_spell_type[class_profile-n-None-SPELL_WITH_BINDING_NAME]" time="0.000" /><testcase classname="tests.unit.melder.spellbook.bind.test_bind" name="test_determine_spell_type[class_profile-None-frame-SPELL_WITH_SPELLFRAME]" time="0.000" /><testcase classname="tests.unit.melder.spellbook.bind.test_bind" name="test_determine_spell_type[class_profile-n-frame-SPELL_WITH_BINDING_NAME_WITH_SPELLFRAME]" time="0.000" /><testcase classname="tests.unit.melder.spellbook.bind.test_bind" name="test_determine_spell_type[callable_profile-None-None-METHOD]" time="0.001" /><testcase classname="tests.unit.melder.spellbook.bind.test_bind" name="test_determine_spell_type[callable_profile-n-None-METHOD_WITH_BINDING_NAME]" time="0.000" /><testcase classname="tests.unit.melder.spellbook.bind.test_bind" name="test_determine_spell_type[callable_profile-None-frame-METHOD_WITH_SPELLFRAME]" time="0.001" /><testcase classname="tests.unit.melder.spellbook.bind.test_bind" name="test_determine_spell_type[callable_profile-n-frame-METHOD_WITH_BINDING_NAME_WITH_SPELLFRAME]" time="0.000" /><testcase classname="tests.unit.melder.spellbook.bind.test_bind" name="test_determine_spell_type[&lt;lambda&gt;-n-None-LAMBDA_METHOD_WITH_BINDING_NAME]" time="0.000" /><testcase classname="tests.unit.melder.spellbook.bind.test_bind" name="test_determine_spell_type[&lt;lambda&gt;-n-frame-LAMBDA_METHOD_WITH_BINDING_NAME_WITH_SPELLFRAME]" time="0.001" /><testcase classname="tests.unit.melder.spellbook.bind.test_bind" name="test_determine_spell_type[&lt;lambda&gt;-None-frame-LAMBDA_METHOD_WITH_SPELLFRAME]" time="0.001" /><testcase classname="tests.unit.melder.spellbook.bind.test_bind" name="test_determine_spell_type[instance_profile-None-None-EXISTING_CREATION]" time="0.000" /><testcase classname="tests.unit.melder.spellbook.bind.test_bind" name="test_determine_spell_type[instance_profile-None-frame-EXISTING_CREATION_WITH_SPELLFRAME]" time="0.000" /><testcase classname="tests.unit.melder.spellbook.bind.test_bind" name="test_determine_spell_type[instance_profile-n-frame-EXISTING_CREATION_WITH_BINDING_NAME_WITH_SPELLFRAME]" time="0.000" /><testcase classname="tests.unit.melder.spellbook.bind.test_bind" name="test_determine_spell_type[other_profile-None-None-EXISTING_CREATION]" time="0.000" /><testcase classname="tests.unit.melder.spellbook.bind.test_bind" name="test_is_protocol_type" time="0.000" /><testcase classname="tests.unit.melder.spellbook.bind.test_bind" name="test_structural_protocol_check_passes_when_members_present" time="0.000" /><testcase classname="tests.unit.melder.spellbook.bind.test_bind" name="test_structural_protocol_check_fails_when_missing" time="0.000" /><testcase classname="tests.unit.melder.spellbook.bind.test_bind" name="test_bind_with_protocol_frame_validates_structure" time="0.000" /><testcase classname="tests.unit.melder.spellbook.bind.test_bind" name="test_bind_with_protocol_frame_missing_member_raises" time="0.000" /><testcase classname="tests.unit.melder.spellbook.bind.test_bind" name="test_callable_under_protocol_frame_allows" time="0.000" /><testcase classname="tests.unit.melder.spellbook.bind.test_bind" name="test_sha256_profile_deterministic_class" time="0.000" /><testcase classname="tests.unit.melder.spellbook.bind.test_bind" name="test_sha256_profile_different_profiles_yield_different_hashes" time="0.000" /><testcase classname="tests.unit.melder.spellbook.bind.test_bind" name="test_spell_id_inspector_uses_examiner" time="0.000" /><testcase classname="tests.unit.melder.spellbook.bind.test_bind" name="test_bind_cleanup_idempotent" time="0.000" /><testcase classname="tests.unit.melder.spellbook.bind.test_bind" name="test_bind_usage_after_cleanup_is_inert" time="0.000" /><testcase classname="tests.unit.melder.spellbook.bind.test_bind" name="test_spell_examiner_failure_propagates" time="0.001" /><testcase classname="tests.unit.melder.spellbook.bind.test_bind" name="test_existing_object_flag_only_for_instances" time="0.000" /><testcase classname="tests.unit.melder.spellbook.bind.test_bind" name="test_spell_name_resolution_without_dunder_name" time="0.000" /><testcase classname="tests.unit.melder.spellbook.bind.test_bind" name="test_structural_check_rejects_non_callable_attribute" time="0.000" /><testcase classname="tests.unit.melder.spellbook.bind.test_bind" name="test_determine_spell_type_fallback_on_unknown_profile" time="0.000" /><testcase classname="tests.unit.melder.spellbook.bind.test_bind" name="test_sha256_profile_includes_parameters" time="0.000" /><testcase classname="tests.unit.melder.spellbook.bind.test_bind" name="test_validate_binding_matrix[unique-class_profile-True]" time="0.001" /><testcase classname="tests.unit.melder.spellbook.bind.test_bind" name="test_validate_binding_matrix[many-class_profile-True]" time="0.000" /><testcase classname="tests.unit.melder.spellbook.bind.test_bind" name="test_validate_binding_matrix[unique-callable_profile-True]" time="0.000" /><testcase classname="tests.unit.melder.spellbook.bind.test_bind" name="test_validate_binding_matrix[many-callable_profile-False]" time="0.000" /><testcase classname="tests.unit.melder.spellbook.bind.test_bind" name="test_validate_binding_matrix[unique-&lt;lambda&gt;-True]" time="0.000" /><testcase classname="tests.unit.melder.spellbook.bind.test_bind" name="test_validate_binding_matrix[many-&lt;lambda&gt;-False]" time="0.000" /><testcase classname="tests.unit.melder.spellbook.bind.test_bind" name="test_validate_binding_matrix[unique-instance_profile-True]" time="0.000" /><testcase classname="tests.unit.melder.spellbook.bind.test_bind" name="test_validate_binding_matrix[many-instance_profile-False]" time="0.001" /><testcase classname="tests.unit.melder.spellbook.bind.test_bind" name="test_lambda_requires_name_even_with_unique" time="0.000" /><testcase classname="tests.unit.melder.spellbook.bind.test_bind" name="test_protocol_structural_inheritance" time="0.000" /><testcase classname="tests.unit.melder.spellbook.bind.test_bind" name="test_protocol_missing_property_like_member" time="0.000" /><testcase classname="tests.unit.melder.spellbook.bind.test_bind" name="test_protocol_callable_member_with_none_impl" time="0.000" /><testcase classname="tests.unit.melder.spellbook.bind.test_bind" name="test_existing_object_flag_not_set_for_callable" time="0.000" /><testcase classname="tests.unit.melder.spellbook.bind.test_bind" name="test_spell_id_stable_for_same_class" time="0.000" /><testcase classname="tests.unit.melder.spellbook.bind.test_bind" name="test_spell_id_differs_for_different_classes" time="0.000" /><testcase classname="tests.unit.melder.spellbook.bind.test_bind" name="test_module_bind_error_message" time="0.001" /><testcase classname="tests.unit.melder.spellbook.bind.test_bind" name="test_protocol_bind_error_message" time="0.001" /><testcase classname="tests.unit.melder.spellbook.bind.test_bind" name="test_protocol_check_ignores_private" time="0.000" /><testcase classname="tests.unit.melder.spellbook.bind.test_bind" name="test_registration_guard_rejection" time="0.000" /><testcase classname="tests.unit.melder.spellbook.bind.test_bind" name="test_sha256_parameters_kind_affects_hash" time="0.000" /><testcase classname="tests.unit.melder.spellbook.bind.test_bind" name="test_sha256_class_init_signature_changes_hash" time="0.000" /><testcase classname="tests.unit.melder.spellbook.bind.test_bind" name="test_sha256_class_source_preview_no_longer_affects_hash" time="0.000" /><testcase classname="tests.unit.melder.spellbook.bind.test_bind" name="test_sha256_resolvable_preserves_the_fixed_legacy_fingerprint" time="0.000" /><testcase classname="tests.unit.melder.spellbook.bind.test_bind" name="test_sha256_resolvable_rejects_non_bool_policy[None]" time="0.000" /><testcase classname="tests.unit.melder.spellbook.bind.test_bind" name="test_sha256_resolvable_rejects_non_bool_policy[0]" time="0.000" /><testcase classname="tests.unit.melder.spellbook.bind.test_bind" name="test_sha256_resolvable_rejects_non_bool_policy[1]" time="0.001" /><testcase classname="tests.unit.melder.spellbook.bind.test_bind" name="test_sha256_resolvable_rejects_non_bool_policy[false]" time="0.000" /><testcase classname="tests.unit.melder.spellbook.bind.test_bind" name="test_sha256_non_resolvable_keeps_existing_shape_version_rules" time="0.000" /><testcase classname="tests.unit.melder.spellbook.bind.test_bind" name="test_sha256_class_annotations_order_irrelevant" time="0.001" /><testcase classname="tests.unit.melder.spellbook.bind.test_bind" name="test_sha256_callable_repr_changes_hash" time="0.001" /><testcase classname="tests.unit.melder.spellbook.bind.test_bind" name="test_sha256_callable_builtin_flag_changes_hash" time="0.001" /><testcase classname="tests.unit.melder.spellbook.bind.test_bind" name="test_sha256_fallback_profile_has_hash_length" time="0.000" /><testcase classname="tests.unit.melder.spellbook.bind.test_bind" name="test_callable_binding_with_name_preserved" time="0.000" /><testcase classname="tests.unit.melder.spellbook.bind.test_bind" name="test_instance_binding_allows_binding_name" time="0.000" /><testcase classname="tests.unit.melder.spellbook.bind.test_bind" name="test_other_profile_spelltype_without_name" time="0.000" /><testcase classname="tests.unit.melder.spellbook.bind.test_bind" name="test_other_profile_spelltype_with_frame" time="0.000" /><testcase classname="tests.unit.melder.spellbook.bind.test_bind" name="test_existence_check_valid_values[unique]" time="0.000" /><testcase classname="tests.unit.melder.spellbook.bind.test_bind" name="test_existence_check_valid_values[unique_per_conduit]" time="0.000" /><testcase classname="tests.unit.melder.spellbook.bind.test_bind" name="test_existence_check_valid_values[unique_per_spell_space]" time="0.000" /><testcase classname="tests.unit.melder.spellbook.bind.test_bind" name="test_protocol_property_vs_attribute" time="0.000" /><testcase classname="tests.unit.melder.spellbook.bind.test_bind" name="test_protocol_with_callable_and_attr_mix" time="0.000" /><testcase classname="tests.unit.melder.spellbook.bind.test_bind" name="test_examiner_called_each_bind" time="0.000" /><testcase classname="tests.unit.melder.spellbook.bind.test_bind" name="test_spell_index_current_matches_spell_id" time="0.000" /><testcase classname="tests.unit.melder.spellbook.bind.test_bind" name="test_decorator_multiple_targets" time="0.000" /><testcase classname="tests.unit.melder.spellbook.bind.test_bind" name="test_binding_name_empty_string_treated_as_value" time="0.000" /><testcase classname="tests.unit.melder.spellbook.bind.test_bind" name="test_class_binding_allows_various_existence[unique_per_conduit]" time="0.001" /><testcase classname="tests.unit.melder.spellbook.bind.test_bind" name="test_class_binding_allows_various_existence[unique_per_conduit_cluster]" time="0.000" /><testcase classname="tests.unit.melder.spellbook.bind.test_bind" name="test_class_binding_allows_various_existence[unique_per_conduit_lineage]" time="0.000" /><testcase classname="tests.unit.melder.spellbook.bind.test_bind" name="test_class_binding_allows_various_existence[unique_per_spell_space]" time="0.000" /><testcase classname="tests.unit.melder.spellbook.bind.test_bind" name="test_class_binding_allows_various_existence[many]" time="0.001" /><testcase classname="tests.unit.melder.spellbook.bind.test_bind" name="test_callable_binding_rejects_non_unique" time="0.001" /><testcase classname="tests.unit.melder.spellbook.bind.test_bind" name="test_lambda_name_error_message" time="0.000" /><testcase classname="tests.unit.melder.spellbook.bind.test_bind" name="test_spell_name_from_qualname" time="0.000" /><testcase classname="tests.unit.melder.spellbook.bind.test_bind" name="test_existing_object_other_profile_sets_existing" time="0.000" /><testcase classname="tests.unit.melder.spellbook.bind.test_bind" name="test_spellframe_string_skips_protocol_checks" time="0.000" /><testcase classname="tests.unit.melder.spellbook.bind.test_bind" name="test_structural_check_callable_required" time="0.000" /><testcase classname="tests.unit.melder.spellbook.bind.test_bind" name="test_protocol_missing_sorted" time="0.000" /><testcase classname="tests.unit.melder.spellbook.bind.test_bind" name="test_bind_with_protocol_and_classmethod_ok" time="0.000" /><testcase classname="tests.unit.melder.spellbook.bind.test_bind" name="test_bind_rejects_protocol_as_spellframe_for_non_class" time="0.000" /><testcase classname="tests.unit.melder.spellbook.bind.test_bind" name="test_sha256_annotation_content_changes_hash" time="0.000" /><testcase classname="tests.unit.melder.spellbook.bind.test_bind" name="test_sha256_callable_signature_changes_hash" time="0.000" /><testcase classname="tests.unit.melder.spellbook.bind.test_bind" name="test_sha256_callable_param_default_changes_hash" time="0.000" /><testcase classname="tests.unit.melder.spellbook.bind.test_bind" name="test_sha256_callable_lambda_flag_changes_hash" time="0.000" /><testcase classname="tests.unit.melder.spellbook.bind.test_bind" name="test_sha256_instance_repr_changes_hash" time="0.000" /><testcase classname="tests.unit.melder.spellbook.bind.test_bind" name="test_hash_stability_across_reuse" time="0.000" /><testcase classname="tests.unit.melder.spellbook.bind.test_bind" name="test_bind_outputs_spell_index_current_as_first_id" time="0.000" /><testcase classname="tests.unit.melder.spellbook.bind.test_bind" name="test_bind_twice_same_class_same_fingerprint" time="0.000" /><testcase classname="tests.unit.melder.spellbook.bind.test_bind" name="test_sha256_handles_unicode_identifiers" time="0.000" /><testcase classname="tests.unit.melder.spellbook.bind.test_bind" name="test_sha256_long_strings_stable_length" time="0.000" /><testcase classname="tests.unit.melder.spellbook.bind.test_bind" name="test_examiner_error_releases_lock" time="0.001" /><testcase classname="tests.unit.melder.spellbook.bind.test_bind" name="test_nested_lock_with_examiner" time="0.000" /><testcase classname="tests.unit.melder.spellbook.bind.test_bind" name="test_spelltype_matrix[instance_profile-n-None-EXISTING_CREATION]" time="0.001" /><testcase classname="tests.unit.melder.spellbook.bind.test_bind" name="test_spelltype_matrix[instance_profile-None-f-EXISTING_CREATION_WITH_SPELLFRAME]" time="0.000" /><testcase classname="tests.unit.melder.spellbook.bind.test_bind" name="test_spelltype_matrix[other_profile-None-None-EXISTING_CREATION]" time="0.001" /><testcase classname="tests.unit.melder.spellbook.bind.test_bind" name="test_spellframe_empty_string" time="0.000" /><testcase classname="tests.unit.melder.spellbook.bind.test_bind" name="test_examiner_instantiated_once_per_bind_instance" time="0.000" /><testcase classname="tests.unit.melder.spellbook.bind.test_bind" name="test_protocol_attribute_access_error" time="0.000" /><testcase classname="tests.unit.melder.spellbook.bind.test_bind" name="test_examiner_returning_none_raises" time="0.001" /><testcase classname="tests.unit.melder.spellbook.bind.test_bind" name="test_examiner_returning_wrong_type_raises" time="0.000" /><testcase classname="tests.unit.melder.spellbook.bind.test_bind" name="test_instance_profile_under_protocol_spellframe[False-instance]" time="0.001" /><testcase classname="tests.unit.melder.spellbook.bind.test_bind" name="test_instance_profile_under_protocol_spellframe[False-other]" time="0.000" /><testcase classname="tests.unit.melder.spellbook.bind.test_bind" name="test_instance_profile_under_protocol_spellframe[True-instance]" time="0.000" /><testcase classname="tests.unit.melder.spellbook.bind.test_bind" name="test_instance_profile_under_protocol_spellframe[True-other]" time="0.000" /><testcase classname="tests.unit.melder.spellbook.bind.test_bind" name="test_spelltype_matrix_callable_variants[callable_profile-None-None-METHOD]" time="0.000" /><testcase classname="tests.unit.melder.spellbook.bind.test_bind" name="test_spelltype_matrix_callable_variants[callable_profile-None-frame-METHOD_WITH_SPELLFRAME]" time="0.000" /><testcase classname="tests.unit.melder.spellbook.bind.test_bind" name="test_spelltype_matrix_callable_variants[&lt;lambda&gt;-None-None-LAMBDA_METHOD_WITH_BINDING_NAME]" time="0.001" /><testcase classname="tests.unit.melder.spellbook.bind.test_bind" name="test_spelltype_matrix_callable_variants[&lt;lambda&gt;-None-frame-LAMBDA_METHOD_WITH_SPELLFRAME]" time="0.000" /><testcase classname="tests.unit.melder.spellbook.bind.test_bind" name="test_spelltype_other_variants[other_profile-n-None-EXISTING_CREATION]" time="0.001" /><testcase classname="tests.unit.melder.spellbook.bind.test_bind" name="test_spelltype_other_variants[other_profile-None-f-EXISTING_CREATION_WITH_SPELLFRAME]" time="0.000" /><testcase classname="tests.unit.melder.spellbook.bind.test_bind" name="test_sha_changes_with_mro_diff" time="0.000" /><testcase classname="tests.unit.melder.spellbook.bind.test_bind" name="test_sha_changes_with_method_names_diff" time="0.000" /><testcase classname="tests.unit.melder.spellbook.bind.test_bind" name="test_registration_guard_receives_context" time="0.000" /><testcase classname="tests.unit.melder.spellbook.bind.test_bind" name="test_parallel_style_lock_usage" time="0.000" /><testcase classname="tests.unit.melder.spellbook.bind.test_bind" name="test_cleanup_nulls_lock" time="0.000" /><testcase classname="tests.unit.melder.spellbook.bind.test_bind" name="test_determine_spell_type_full_matrix[profile0-None-None-SPELL]" time="0.000" /><testcase classname="tests.unit.melder.spellbook.bind.test_bind" name="test_determine_spell_type_full_matrix[profile1-n-None-SPELL_WITH_BINDING_NAME]" time="0.000" /><testcase classname="tests.unit.melder.spellbook.bind.test_bind" name="test_determine_spell_type_full_matrix[profile2-None-f-SPELL_WITH_SPELLFRAME]" time="0.000" /><testcase classname="tests.unit.melder.spellbook.bind.test_bind" name="test_determine_spell_type_full_matrix[profile3-n-f-SPELL_WITH_BINDING_NAME_WITH_SPELLFRAME]" time="0.000" /><testcase classname="tests.unit.melder.spellbook.bind.test_bind" name="test_determine_spell_type_full_matrix[profile4-None-None-METHOD]" time="0.000" /><testcase classname="tests.unit.melder.spellbook.bind.test_bind" name="test_determine_spell_type_full_matrix[profile5-n-None-METHOD_WITH_BINDING_NAME]" time="0.000" /><testcase classname="tests.unit.melder.spellbook.bind.test_bind" name="test_determine_spell_type_full_matrix[profile6-None-f-METHOD_WITH_SPELLFRAME]" time="0.000" /><testcase classname="tests.unit.melder.spellbook.bind.test_bind" name="test_determine_spell_type_full_matrix[profile7-n-f-METHOD_WITH_BINDING_NAME_WITH_SPELLFRAME]" time="0.000" /><testcase classname="tests.unit.melder.spellbook.bind.test_bind" name="test_determine_spell_type_full_matrix[profile8-n-None-LAMBDA_METHOD_WITH_BINDING_NAME]" time="0.000" /><testcase classname="tests.unit.melder.spellbook.bind.test_bind" name="test_determine_spell_type_full_matrix[profile9-n-f-LAMBDA_METHOD_WITH_BINDING_NAME_WITH_SPELLFRAME]" time="0.000" /><testcase classname="tests.unit.melder.spellbook.bind.test_bind" name="test_determine_spell_type_full_matrix[profile10-None-f-LAMBDA_METHOD_WITH_SPELLFRAME]" time="0.000" /><testcase classname="tests.unit.melder.spellbook.bind.test_bind" name="test_determine_spell_type_full_matrix[profile11-None-None-EXISTING_CREATION]" time="0.000" /><testcase classname="tests.unit.melder.spellbook.bind.test_bind" name="test_determine_spell_type_full_matrix[profile12-None-f-EXISTING_CREATION_WITH_SPELLFRAME]" time="0.000" /><testcase classname="tests.unit.melder.spellbook.bind.test_bind" name="test_determine_spell_type_full_matrix[profile13-n-f-EXISTING_CREATION_WITH_BINDING_NAME_WITH_SPELLFRAME]" time="0.000" /><testcase classname="tests.unit.melder.spellbook.bind.test_bind" name="test_determine_spell_type_full_matrix[profile14-None-None-EXISTING_CREATION]" time="0.000" /><testcase classname="tests.unit.melder.spellbook.bind.test_bind" name="test_determine_spell_type_full_matrix[profile15-None-f-EXISTING_CREATION_WITH_SPELLFRAME]" time="0.000" /><testcase classname="tests.unit.melder.spellbook.bind.test_bind" name="test_sha_changes_with_bases_diff" time="0.000" /><testcase classname="tests.unit.melder.spellbook.bind.test_bind" name="test_sha_changes_with_parameter_annotation" time="0.000" /><testcase classname="tests.unit.melder.spellbook.bind.test_bind" name="test_registration_guard_does_not_leak" time="0.000" /><testcase classname="tests.unit.melder.spellbook.bind.test_bind" name="test_permissions_and_frame_propagated" time="0.000" /><testcase classname="tests.unit.melder.spellbook.bind.test_bind" name="test_decorator_preserves_permissions_and_frame" time="0.000" /><testcase classname="tests.unit.melder.spellbook.bind.test_bind" name="test_decorator_used_multiple_times_same_class" time="0.000" /><testcase classname="tests.unit.melder.spellbook.bind.test_bind" name="test_decorator_lambda_with_name" time="0.000" /><testcase classname="tests.unit.melder.spellbook.bind.test_bind" name="test_other_profile_with_binding_name" time="0.000" /><testcase classname="tests.unit.melder.spellbook.bind.test_bind" name="test_other_profile_with_frame" time="0.000" /><testcase classname="tests.unit.melder.spellbook.bind.test_bind" name="test_nonclass_noncallable_spellframe" time="0.000" /><testcase classname="tests.unit.melder.spellbook.bind.test_bind" name="test_sha_changes_with_dataclass_flag" time="0.000" /><testcase classname="tests.unit.melder.spellbook.bind.test_bind" name="test_sha_changes_with_decorated_flag" time="0.000" /><testcase classname="tests.unit.melder.spellbook.bind.test_bind" name="test_sha_changes_with_origin_file" time="0.000" /><testcase classname="tests.unit.melder.spellbook.bind.test_bind" name="test_callable_repr_and_lambda_flag_combo_changes_hash" time="0.000" /><testcase classname="tests.unit.melder.spellbook.bind.test_bind" name="test_callable_param_default_repr_changes_hash" time="0.000" /><testcase classname="tests.unit.melder.spellbook.bind.test_bind" name="test_callable_varargs_only_spell_type" time="0.000" /><testcase classname="tests.unit.melder.spellbook.bind.test_bind" name="test_callable_frame_and_empty_binding_name" time="0.000" /><testcase classname="tests.unit.melder.spellbook.bind.test_bind" name="test_instance_with_binding_name_spellframe" time="0.000" /><testcase classname="tests.unit.melder.spellbook.bind.test_bind" name="test_unknown_profile_with_frame" time="0.000" /><testcase classname="tests.unit.melder.spellbook.bind.test_bind" name="test_module_error_message_contains_module" time="0.000" /><testcase classname="tests.unit.melder.spellbook.bind.test_bind" name="test_protocol_error_missing_members_sorted" time="0.000" /><testcase classname="tests.unit.melder.spellbook.bind.test_bind" name="test_lambda_requires_name_even_with_frame" time="0.001" /><testcase classname="tests.unit.melder.spellbook.bind.test_bind" name="test_lambda_with_name_and_frame_spelltype" time="0.000" /><testcase classname="tests.unit.melder.spellbook.bind.test_bind" name="test_callable_with_binding_name_and_frame_spelltype" time="0.000" /><testcase classname="tests.unit.melder.spellbook.bind.test_bind" name="test_other_profile_with_binding_name_and_frame" time="0.000" /><testcase classname="tests.unit.melder.spellbook.bind.test_bind" name="test_callable_binding_name_none_allowed" time="0.000" /><testcase classname="tests.unit.melder.spellbook.bind.test_bind" name="test_class_with_frame_spelltype" time="0.000" /><testcase classname="tests.unit.melder.spellbook.bind.test_bind" name="test_spell_id_length" time="0.000" /><testcase classname="tests.unit.melder.spellbook.bind.test_bind" name="test_spell_index_versions_initial_size" time="0.000" /><testcase classname="tests.unit.melder.spellbook.bind.test_bind" name="test_bind_after_cleanup_lock_is_none" time="0.000" /><testcase classname="tests.unit.melder.spellbook.bind.test_bind" name="test_registration_guard_context_on_decorator" time="0.000" /><testcase classname="tests.unit.melder.spellbook.bind.test_bind" name="test_module_error_mentions_module_name" time="0.000" /><testcase classname="tests.unit.melder.spellbook.bind.test_bind" name="test_callable_parameters_default_repr_affects_hash" time="0.000" /><testcase classname="tests.unit.melder.spellbook.bind.test_bind" name="test_callable_lambda_flag_affects_hash_even_with_same_signature" time="0.000" /><testcase classname="tests.unit.melder.spellbook.bind.test_bind" name="test_callable_builtin_flag_changes_hash" time="0.000" /><testcase classname="tests.unit.melder.spellbook.bind.test_bind" name="test_callable_extension_flag_changes_hash" time="0.000" /><testcase classname="tests.unit.melder.spellbook.bind.test_bind" name="test_class_method_names_order_stable_hash" time="0.000" /><testcase classname="tests.unit.melder.spellbook.bind.test_bind" name="test_class_annotations_keys_change_hash" time="0.001" /><testcase classname="tests.unit.melder.spellbook.bind.test_bind" name="test_instance_profile_module_changes_hash" time="0.000" /><testcase classname="tests.unit.melder.spellbook.bind.test_bind" name="test_other_profile_module_changes_hash" time="0.000" /><testcase classname="tests.unit.melder.spellbook.bind.test_bind" name="test_callable_qualname_vs_name_changes_hash" time="0.000" /><testcase classname="tests.unit.melder.spellbook.bind.test_bind" name="test_permissions_passthrough[Permissions.read]" time="0.000" /><testcase classname="tests.unit.melder.spellbook.bind.test_bind" name="test_permissions_passthrough[Permissions.create]" time="0.000" /><testcase classname="tests.unit.melder.spellbook.bind.test_bind" name="test_permissions_passthrough[Permissions.block]" time="0.000" /><testcase classname="tests.unit.melder.spellbook.bind.test_bind" name="test_callable_object_spell_name" time="0.000" /><testcase classname="tests.unit.melder.spellbook.bind.test_bind" name="test_binding_name_empty_for_class_spelltype" time="0.000" /><testcase classname="tests.unit.melder.spellbook.bind.test_bind" name="test_callable_binding_name_empty_spelltype" time="0.001" /><testcase classname="tests.unit.melder.spellbook.bind.test_bind" name="test_callable_under_protocol_missing_members_allowed" time="0.000" /><testcase classname="tests.unit.melder.spellbook.bind.test_bind" name="test_sha_changes_with_extension_and_builtin_flags" time="0.000" /><testcase classname="tests.unit.melder.spellbook.bind.test_bind" name="test_sha_changes_with_empty_vs_varargs_only" time="0.000" /><testcase classname="tests.unit.melder.spellbook.bind.test_bind" name="test_spell_index_hash_differs_for_different_ids" time="0.000" /><testcase classname="tests.unit.melder.spellbook.bind.test_bind" name="test_registration_guard_exception_bubbles" time="0.000" /><testcase classname="tests.unit.melder.spellbook.bind.test_bind" name="test_registration_guard_error_leaves_lock_usable" time="0.000" /><testcase classname="tests.unit.melder.spellbook.bind.test_bind" name="test_sha256_class_reordering_stable" time="0.000" /><testcase classname="tests.unit.melder.spellbook.bind.test_bind" name="test_sha256_callable_flags_change_hash" time="0.000" /><testcase classname="tests.unit.melder.spellbook.bind.test_bind" name="test_sha256_instance_vs_other_profiles" time="0.000" /><testcase classname="tests.unit.melder.spellbook.bind.test_bind" name="test_sha256_profile_changes_with_binding_signature_existence_and_disposal" time="0.000" /><testcase classname="tests.unit.melder.spellbook.bind.test_bind" name="test_bind_resolves_disposal_metadata_during_bind" time="0.000" /><testcase classname="tests.unit.melder.spellbook.bind.test_bind" name="test_determine_spell_type_other_named_frame" time="0.000" /><testcase classname="tests.unit.melder.spellbook.bind.test_bind" name="test_is_protocol_type_runtime_checkable" time="0.001" /><testcase classname="tests.unit.melder.spellbook.bind.test_bind" name="test_validate_binding_empty_name_counts_as_missing_for_lambda" time="0.001" /><testcase classname="tests.unit.melder.spellbook.bind.test_bind" name="test_exist_check_true_for_valid" time="0.000" /><testcase classname="tests.unit.melder.spellbook.bind.test_bind" name="test_decorator_returns_spell_stub" time="0.000" /><testcase classname="tests.unit.melder.spellbook.bind.test_bind" name="test_reentrant_lock_allows_nested_bind" time="0.000" /><testcase classname="tests.unit.melder.spellbook.bind.test_bind" name="test_string_spellframe_allowed" time="0.000" /><testcase classname="tests.unit.melder.spellbook.bind.test_bind" name="test_validate_binding_invalid_existence_raises_value_error" time="0.000" /><testcase classname="tests.unit.melder.spellbook.bind.test_bind" name="test_bind_cleanup_rechecks_cleaned_state_under_lock" time="0.000" /><testcase classname="tests.unit.melder.spellbook.test_spell" name="test_spell_key_and_type_flags" time="0.000" /><testcase classname="tests.unit.melder.spellbook.test_spell" name="test_existing_creation_flags_and_existing_object_presence" time="0.000" /><testcase classname="tests.unit.melder.spellbook.test_spell" name="test_mutation_override_updates_payload_without_structural_change_signal" time="0.000" /><testcase classname="tests.unit.melder.spellbook.test_spell" name="test_clear_mutation_override_is_noop_when_empty" time="0.000" /><testcase classname="tests.unit.melder.spellbook.test_spell" name="test_cleanup_disposes_artifacts_and_nulls_references" time="0.000" /><testcase classname="tests.unit.melder.spellbook.test_spell" name="test_spell_hooks_default_state" time="0.000" /><testcase classname="tests.unit.melder.spellbook.test_spell" name="test_spell_set_hooks_updates_lists_and_enables" time="0.000" /><testcase classname="tests.unit.melder.spellbook.test_spell" name="test_spell_set_hooks_partial_update_preserves_existing" time="0.000" /><testcase classname="tests.unit.melder.spellbook.test_spell" name="test_spell_set_hooks_none_does_not_clear_existing" time="0.000" /><testcase classname="tests.unit.melder.spellbook.test_spell" name="test_spell_set_hooks_empty_lists_disable_hooks" time="0.000" /><testcase classname="tests.unit.melder.spellbook.test_spell" name="test_spell_set_hooks_copies_input_sequences" time="0.000" /><testcase classname="tests.unit.melder.spellbook.test_spell" name="test_spell_set_hooks_keeps_enabled_when_other_hooks_remain" time="0.000" /><testcase classname="tests.unit.melder.spellbook.test_spell" name="test_spell_key_normalization_variants[Frame-DB-Frame-expected0]" time="0.000" /><testcase classname="tests.unit.melder.spellbook.test_spell" name="test_spell_key_normalization_variants[Proto-None-Frame-expected1]" time="0.000" /><testcase classname="tests.unit.melder.spellbook.test_spell" name="test_spell_key_normalization_variants[None--MySpell-expected2]" time="0.000" /><testcase classname="tests.unit.melder.spellbook.test_spell" name="test_spell_key_normalization_variants[None-Name-Other-expected3]" time="0.000" /><testcase classname="tests.unit.melder.spellbook.test_spell" name="test_spell_key_normalization_variants[AlreadyLower-MiXeD-Name-expected4]" time="0.000" /><testcase classname="tests.unit.melder.spellbook.test_spell" name="test_spell_key_normalization_variants[Thing-None-Thing-expected5]" time="0.000" /><testcase classname="tests.unit.melder.spellbook.test_spell" name="test_spell_key_normalization_variants[Fancy-Frame-bind-1-Fancy-expected6]" time="0.000" /><testcase classname="tests.unit.melder.spellbook.test_spell" name="test_spell_type_flag_detection[SPELL-True-False-False-False]" time="0.000" /><testcase classname="tests.unit.melder.spellbook.test_spell" name="test_spell_type_flag_detection[SPELL_WITH_BINDING_NAME_WITH_SPELLFRAME-True-False-False-False]" time="0.000" /><testcase classname="tests.unit.melder.spellbook.test_spell" name="test_spell_type_flag_detection[METHOD-False-True-False-False]" time="0.000" /><testcase classname="tests.unit.melder.spellbook.test_spell" name="test_spell_type_flag_detection[METHOD_WITH_BINDING_NAME_WITH_SPELLFRAME-False-True-False-False]" time="0.000" /><testcase classname="tests.unit.melder.spellbook.test_spell" name="test_spell_type_flag_detection[LAMBDA_METHOD_WITH_BINDING_NAME-False-False-True-False]" time="0.000" /><testcase classname="tests.unit.melder.spellbook.test_spell" name="test_spell_type_flag_detection[EXISTING_CREATION_WITH_BINDING_NAME_WITH_SPELLFRAME-False-False-False-True]" time="0.000" /><testcase classname="tests.unit.melder.spellbook.test_spell" name="test_existing_creation_object_presence[existing_obj0-True]" time="0.000" /><testcase classname="tests.unit.melder.spellbook.test_spell" name="test_existing_creation_object_presence[None-False]" time="0.000" /><testcase classname="tests.unit.melder.spellbook.test_spell" name="test_owner_conduit_info_before_and_after_assignment" time="0.000" /><testcase classname="tests.unit.melder.spellbook.test_spell" name="test_emit_cache_delegates_to_spellbook_when_enabled" time="0.000" /><testcase classname="tests.unit.melder.spellbook.test_spell" name="test_emit_cache_returns_false_when_disabled" time="0.000" /><testcase classname="tests.unit.melder.spellbook.test_spell" name="test_emit_cache_returns_false_without_creation_context" time="0.000" /><testcase classname="tests.unit.melder.spellbook.test_spell" name="test_emit_cache_file_delegates_to_spellbook_when_enabled" time="0.000" /><testcase classname="tests.unit.melder.spellbook.test_spell" name="test_emit_cache_file_returns_false_when_disabled" time="0.000" /><testcase classname="tests.unit.melder.spellbook.test_spell" name="test_add_build_details_sets_dependencies_and_graph" time="0.000" /><testcase classname="tests.unit.melder.spellbook.test_spell" name="test_add_build_details_rejects_none_inputs[None-deps0-Dependency graph cannot be None.]" time="0.001" /><testcase classname="tests.unit.melder.spellbook.test_spell" name="test_add_build_details_rejects_none_inputs[graph-None-Dependencies cannot be None.]" time="0.000" /><testcase classname="tests.unit.melder.spellbook.test_spell" name="test_apply_mutation_override_normalizes_payload_without_devops_signal[payload0-expected_payload0]" time="0.000" /><testcase classname="tests.unit.melder.spellbook.test_spell" name="test_apply_mutation_override_normalizes_payload_without_devops_signal[payload1-None]" time="0.000" /><testcase classname="tests.unit.melder.spellbook.test_spell" name="test_apply_mutation_override_normalizes_payload_without_devops_signal[None-None]" time="0.000" /><testcase classname="tests.unit.melder.spellbook.test_spell" name="test_apply_mutation_override_normalizes_payload_without_devops_signal[payload3-expected_payload3]" time="0.000" /><testcase classname="tests.unit.melder.spellbook.test_spell" name="test_apply_mutation_override_normalizes_payload_without_devops_signal[payload4-expected_payload4]" time="0.000" /><testcase classname="tests.unit.melder.spellbook.test_spell" name="test_clear_mutation_override_noop_when_empty" time="0.000" /><testcase classname="tests.unit.melder.spellbook.test_spell" name="test_clear_mutation_override_clears_payload_without_devops_signal" time="0.000" /><testcase classname="tests.unit.melder.spellbook.test_spell" name="test_invalidate_spell_clears_context_and_marks_revalidation_state" time="0.000" /><testcase classname="tests.unit.melder.spellbook.test_spell" name="test_invalidate_spell_uses_explicit_change_reason" time="0.000" /><testcase classname="tests.unit.melder.spellbook.test_spell" name="test_invalidate_spell_without_states_registry_still_invalidates_locally" time="0.000" /><testcase classname="tests.unit.melder.spellbook.test_spell" name="test_invalidate_spell_raises_outside_dynamic_mode" time="0.000" /><testcase classname="tests.unit.melder.spellbook.test_spell" name="test_cleanup_idempotent" time="0.000" /><testcase classname="tests.unit.melder.spellbook.test_spell" name="test_context_manager_releases_lock" time="0.000" /><testcase classname="tests.unit.melder.spellbook.test_spell" name="test_repr_includes_core_identity[Frame-bind-Frame-frame]" time="0.000" /><testcase classname="tests.unit.melder.spellbook.test_spell" name="test_repr_includes_core_identity[None-bind-Name-Name]" time="0.000" /><testcase classname="tests.unit.melder.spellbook.test_spell" name="test_repr_includes_core_identity[FrameStr-None-Name-FrameStr]" time="0.000" /><testcase classname="tests.unit.melder.spellbook.test_spell" name="test_resolution_properties_return_none_without_crafter" time="0.000" /><testcase classname="tests.unit.melder.spellbook.test_spell" name="test_resolution_properties_delegate_to_crafter[requirements-req]" time="0.000" /><testcase classname="tests.unit.melder.spellbook.test_spell" name="test_resolution_properties_delegate_to_crafter[symbolic_graph-sym]" time="0.000" /><testcase classname="tests.unit.melder.spellbook.test_spell" name="test_resolution_properties_delegate_to_crafter[resolution_frame-frame]" time="0.000" /><testcase classname="tests.unit.melder.spellbook.test_spell" name="test_resolution_properties_delegate_to_crafter[validation_result_phase4-p4]" time="0.000" /><testcase classname="tests.unit.melder.spellbook.test_spell" name="test_resolution_properties_delegate_to_crafter[validation_result_phase6-p6]" time="0.000" /><testcase classname="tests.unit.melder.spellbook.test_spell" name="test_resolution_properties_delegate_to_crafter[validated-True]" time="0.000" /><testcase classname="tests.unit.melder.spellbook.test_spell" name="test_resolution_properties_delegate_to_crafter[is_broken-False]" time="0.000" /><testcase classname="tests.unit.melder.spellbook.test_spell" name="test_validated_property_reads_phase4_flag_only" time="0.000" /><testcase classname="tests.unit.melder.spellbook.test_spell" name="test_resolution_properties_fail_after_cleanup[requirements]" time="0.000" /><testcase classname="tests.unit.melder.spellbook.test_spell" name="test_resolution_properties_fail_after_cleanup[symbolic_graph]" time="0.000" /><testcase classname="tests.unit.melder.spellbook.test_spell" name="test_resolution_properties_fail_after_cleanup[resolution_frame]" time="0.000" /><testcase classname="tests.unit.melder.spellbook.test_spell" name="test_resolution_properties_fail_after_cleanup[validation_result_phase4]" time="0.000" /><testcase classname="tests.unit.melder.spellbook.test_spell" name="test_resolution_properties_fail_after_cleanup[validation_result_phase6]" time="0.000" /><testcase classname="tests.unit.melder.spellbook.test_spell" name="test_resolution_properties_fail_after_cleanup[validated]" time="0.000" /><testcase classname="tests.unit.melder.spellbook.test_spell" name="test_resolution_properties_fail_after_cleanup[is_broken]" time="0.000" /><testcase classname="tests.unit.melder.spellbook.test_spell" name="test_spell_does_not_expose_run_all_phases_facade" time="0.000" /><testcase classname="tests.unit.melder.spellbook.test_spell" name="test_spell_does_not_expose_run_structural_phases_facade" time="0.000" /><testcase classname="tests.unit.melder.spellbook.test_spell" name="test_has_mutation_override_reflects_payload[payload0-False]" time="0.000" /><testcase classname="tests.unit.melder.spellbook.test_spell" name="test_has_mutation_override_reflects_payload[payload1-True]" time="0.000" /><testcase classname="tests.unit.melder.spellbook.test_spell" name="test_has_mutation_override_reflects_payload[None-False]" time="0.000" /><testcase classname="tests.unit.melder.spellbook.test_spell" name="test_has_existing_object_after_cleanup_resets" time="0.000" /><testcase classname="tests.unit.melder.spellbook.test_spell" name="test_system_state_delegation_returns_state_from_spell_system_states" time="0.000" /><testcase classname="tests.unit.melder.spellbook.test_spell" name="test_binding_name_normalization_special_cases[MiXeD-Case-mixed-case]" time="0.000" /><testcase classname="tests.unit.melder.spellbook.test_spell" name="test_binding_name_normalization_special_cases[under_score-under_score]" time="0.000" /><testcase classname="tests.unit.melder.spellbook.test_spell" name="test_binding_name_normalization_special_cases[-__default__]" time="0.000" /><testcase classname="tests.unit.melder.spellbook.test_spell" name="test_mutation_override_replaces_previous_payload" time="0.000" /><testcase classname="tests.unit.melder.spellbook.test_spell" name="test_add_build_details_overwrites_previous_values" time="0.000" /><testcase classname="tests.unit.melder.spellbook.test_spell" name="test_apply_mutation_override_no_states_does_not_raise" time="0.000" /><testcase classname="tests.unit.melder.spellbook.test_spell" name="test_clear_mutation_override_no_states_safely_clears" time="0.000" /><testcase classname="tests.unit.melder.spellbook.test_spell" name="test_apply_mutation_override_raises_outside_dynamic_mode" time="0.000" /><testcase classname="tests.unit.melder.spellbook.test_spell" name="test_clear_mutation_override_raises_outside_dynamic_mode" time="0.000" /><testcase classname="tests.unit.melder.spellbook.test_spell" name="test_cleanup_swallows_child_cleanup_errors" time="0.000" /><testcase classname="tests.unit.melder.spellbook.test_spell" name="test_cleanup_rechecks_cleaned_state_under_lock" time="0.000" /><testcase classname="tests.unit.melder.spellbook.test_spell" name="test_cleanup_swallows_profile_spellindex_switch_and_tags_clear_failures" time="0.000" /><testcase classname="tests.unit.melder.spellbook.test_spell" name="test_owned_conduit_stamps_runtime_ownership_state" time="0.000" /><testcase classname="tests.unit.melder.spellbook.test_spell" name="test_cleanup_clears_hooks_and_metadata_collections" time="0.000" /><testcase classname="tests.unit.melder.spellbook.test_spell" name="test_system_state_after_cleanup_raises" time="0.000" /><testcase classname="tests.unit.melder.spellbook.test_spell" name="test_removed_spell_phase_facades_stay_absent_after_cleanup" time="0.000" /><testcase classname="tests.unit.melder.spellbook.test_spell" name="test_spell_does_not_expose_ensure_crafter" time="0.000" /><testcase classname="tests.unit.melder.spellbook.test_spell" name="test_cleanup_creation_context_and_factory_swallow_child_cleanup_errors" time="0.000" /><testcase classname="tests.unit.melder.spellbook.test_spell" name="test_configure_creation_context_factory_requires_gate_and_builds_factory" time="0.000" /><testcase classname="tests.unit.melder.spellbook.test_spell" name="test_get_or_build_creation_context_uses_switch_fast_path_and_factory" time="0.000" /><testcase classname="tests.unit.melder.spellbook.test_spell" name="test_spell_does_not_expose_local_phase_facades" time="0.000" /><testcase classname="tests.unit.melder.spellbook.test_spell" name="test_system_state_returns_none_when_states_registry_missing" time="0.000" /><testcase classname="tests.unit.melder.spellbook.test_spell" name="test_spell_retains_disposal_list_without_clearing_it_on_cleanup[names0-expected0]" time="0.001" /><testcase classname="tests.unit.melder.spellbook.test_spell" name="test_spell_retains_disposal_list_without_clearing_it_on_cleanup[names1-expected1]" time="0.000" /><testcase classname="tests.unit.melder.spellbook.test_spell" name="test_spell_omitted_disposal_lists_are_independent" time="0.000" /><testcase classname="tests.unit.melder.spellbook.test_spellbook" name="test_init_with_default_frame_and_configuration" time="0.004" /><testcase classname="tests.unit.melder.spellbook.test_spellbook" name="test_init_type_error_on_non_str_frame" time="0.003" /><testcase classname="tests.unit.melder.spellbook.test_spellbook" name="test_initialize_logging_explicit_logger" time="0.004" /><testcase classname="tests.unit.melder.spellbook.test_spellbook" name="test_initialize_logging_from_provider" time="0.003" /><testcase classname="tests.unit.melder.spellbook.test_spellbook" name="test_initialize_logging_failure_fallback" time="0.004" /><testcase classname="tests.unit.melder.spellbook.test_spellbook" name="test_get_spell_permissions_success" time="0.004" /><testcase classname="tests.unit.melder.spellbook.test_spellbook" name="test_get_spell_permissions_missing_raises" time="0.004" /><testcase classname="tests.unit.melder.spellbook.test_spellbook" name="test_find_spell_and_contracted_spell" time="0.004" /><testcase classname="tests.unit.melder.spellbook.test_spellbook" name="test_get_spell_by_index_id_prefers_local_then_contracted" time="0.003" /><testcase classname="tests.unit.melder.spellbook.test_spellbook" name="test_link_contract_manages_only_spellbook_contract_buckets" time="0.003" /><testcase classname="tests.unit.melder.spellbook.test_spellbook" name="test_set_policy_state_toggles_flags" time="0.004" /><testcase classname="tests.unit.melder.spellbook.test_spellbook" name="test_refresh_local_spell_ids_populates_versions" time="0.004" /><testcase classname="tests.unit.melder.spellbook.test_spellbook" name="test_snapshot_state_returns_detached_copies" time="0.003" /><testcase classname="tests.unit.melder.spellbook.test_spellbook" name="test_mark_collection_dependents_dirty_noop_and_error_paths" time="0.004" /><testcase classname="tests.unit.melder.spellbook.test_spellbook" name="test_remove_link_contract_inconsistent_state_raises" time="0.004" /><testcase classname="tests.unit.melder.spellbook.test_spellbook" name="test_try_update_staged_contract_keys_rebuilds_peer_scope" time="0.003" /><testcase classname="tests.unit.melder.spellbook.test_spellbook" name="test_begin_transaction_enforces_dynamic_mode_and_admission_failures" time="0.003" /><testcase classname="tests.unit.melder.spellbook.test_spellbook" name="test_spellbook_builds_transaction_identity_at_init" time="0.003" /><testcase classname="tests.unit.melder.spellbook.test_spellbook" name="test_end_transaction_guard_and_abort_paths" time="0.004" /><testcase classname="tests.unit.melder.spellbook.test_spellbook" name="test_end_transaction_commit_path_and_context_manager" time="0.003" /><testcase classname="tests.unit.melder.spellbook.test_spellbook" name="test_bind_state_helpers_and_staged_binding_key_updates" time="0.003" /><testcase classname="tests.unit.melder.spellbook.test_spellbook" name="test_bind_configuration_to_aether_and_frame_posture_reraise_failures" time="0.004" /><testcase classname="tests.unit.melder.spellbook.test_spellbook" name="test_bind_aetheric_frame_configuration_missing_config_raises" time="0.004" /><testcase classname="tests.unit.melder.spellbook.test_spellbook" name="test_spellbook_initializes_frame_owned_configuration_defaults" time="0.003" /><testcase classname="tests.unit.melder.spellbook.test_spellbook" name="test_risk_manager_bridge_helpers_cover_success_none_and_error_paths" time="0.003" /><testcase classname="tests.unit.melder.spellbook.test_spellbook" name="test_add_contracted_spell_updates_maps_and_notifies_when_conjured" time="0.004" /><testcase classname="tests.unit.melder.spellbook.test_spellbook" name="test_remove_contracted_spell_updates_maps_and_notifies_when_conjured" time="0.003" /><testcase classname="tests.unit.melder.spellbook.test_spellbook" name="test_remove_contracted_spell_missing_maps_and_missing_version_raise" time="0.003" /><testcase classname="tests.unit.melder.spellbook.test_spellbook" name="test_cleanup_components_swallows_clear_and_cleanup_failures" time="0.003" /><testcase classname="tests.unit.melder.spellbook.test_spellbook" name="test_cleanup_rechecks_cleaned_state_under_lock" time="0.004" /><testcase classname="tests.unit.melder.spellbook.test_spellbook" name="test_refresh_nexus_publish_enabled_and_publish_helpers_cover_enabled_and_disabled_paths" time="0.003" /><testcase classname="tests.unit.melder.spellbook.test_spellbook" name="test_register_contracted_spell_id_missing_map_and_collisions_raise" time="0.004" /><testcase classname="tests.unit.melder.spellbook.test_spellbook" name="test_update_contracted_spell_id_error_paths_raise" time="0.004" /><testcase classname="tests.unit.melder.spellbook.test_spellbook" name="test_unregister_contracted_spell_id_error_paths_raise" time="0.004" /><testcase classname="tests.unit.melder.spellbook.test_spellbook" name="test_refresh_contracted_spell_ids_populates_per_conduit" time="0.004" /><testcase classname="tests.unit.melder.spellbook.test_spellbook" name="test_refresh_all_spell_ids_calls_both" time="0.004" /><testcase classname="tests.unit.melder.spellbook.test_spellbook" name="test_check_system_state_trusts_effective_dynamic_default_policy" time="0.004" /><testcase classname="tests.unit.melder.spellbook.test_spellbook" name="test_check_system_state_dynamic_mode_admits_dynamic_policies" time="0.003" /><testcase classname="tests.unit.melder.spellbook.test_spellbook" name="test_check_system_state_dynamic_policy_rejected_when_dynamic_disabled" time="0.003" /><testcase classname="tests.unit.melder.spellbook.test_spellbook" name="test_define_conduit_stamps_owner_and_primes_existing" time="0.004" /><testcase classname="tests.unit.melder.spellbook.test_spellbook" name="test_bind_after_conjure_preserves_ownership_and_registrations" time="0.004" /><testcase classname="tests.unit.melder.spellbook.test_spellbook" name="test_bind_after_conjure_stamps_resolution_required_false" time="0.003" /><testcase classname="tests.unit.melder.spellbook.test_spellbook" name="test_define_conduit_handles_errors" time="0.004" /><testcase classname="tests.unit.melder.spellbook.test_spellbook" name="test_phase_factories_build_units_and_label" time="0.004" /><testcase classname="tests.unit.melder.spellbook.test_spellbook" name="test_phase_factories_guard_cleaned" time="0.003" /><testcase classname="tests.unit.melder.spellbook.test_spellbook" name="test_run_resolution_phases_success" time="0.004" /><testcase classname="tests.unit.melder.spellbook.test_spellbook" name="test_run_resolution_phases_broken_spell_raises" time="0.004" /><testcase classname="tests.unit.melder.spellbook.test_spellbook" name="test_run_resolution_phases_spell_status_error_treated_as_broken" time="0.004" /><testcase classname="tests.unit.melder.spellbook.test_spellbook" name="test_run_resolution_phases_cleans_scheduler_on_exception" time="0.003" /><testcase classname="tests.unit.melder.spellbook.test_spellbook" name="test_get_conjure_hook_map_no_config_returns_none" time="0.004" /><testcase classname="tests.unit.melder.spellbook.test_spellbook" name="test_get_conjure_hook_map_config_without_get_hooks_returns_none" time="0.003" /><testcase classname="tests.unit.melder.spellbook.test_spellbook" name="test_get_conjure_hook_map_empty_returns_none" time="0.003" /><testcase classname="tests.unit.melder.spellbook.test_spellbook" name="test_get_conjure_hook_map_returns_map" time="0.003" /><testcase classname="tests.unit.melder.spellbook.test_spellbook" name="test_fire_conjure_hooks_executes_and_swallows_errors" time="0.004" /><testcase classname="tests.unit.melder.spellbook.test_spellbook" name="test_cleanup_idempotent_and_clears_fields" time="0.003" /><testcase classname="tests.unit.melder.spellbook.test_spellbook" name="test_cleanup_spells_cleans_each_and_swallows_errors" time="0.003" /><testcase classname="tests.unit.melder.spellbook.test_spellbook" name="test_properties_return_proxies" time="0.003" /><testcase classname="tests.unit.melder.spellbook.test_spellbook" name="test_contracted_spells_property_returns_nested_proxies" time="0.004" /><testcase classname="tests.unit.melder.spellbook.test_spellbook" name="test_context_manager_acquires_and_releases_lock" time="0.004" /><testcase classname="tests.unit.melder.spellbook.test_spellbook" name="test_run_resolution_phases_scheduler_release_failure_logged" time="0.005" /><testcase classname="tests.unit.melder.spellbook.test_spellbook" name="test_check_system_state_matrix[Policies.default-False-False]" time="0.004" /><testcase classname="tests.unit.melder.spellbook.test_spellbook" name="test_check_system_state_matrix[Policies.default-True-False]" time="0.003" /><testcase classname="tests.unit.melder.spellbook.test_spellbook" name="test_check_system_state_matrix[Policies.whitelist_all-False-False]" time="0.004" /><testcase classname="tests.unit.melder.spellbook.test_spellbook" name="test_check_system_state_matrix[Policies.whitelist_all-True-True]" time="0.004" /><testcase classname="tests.unit.melder.spellbook.test_spellbook" name="test_check_system_state_matrix[Policies.block_all-False-False]" time="0.004" /><testcase classname="tests.unit.melder.spellbook.test_spellbook" name="test_check_system_state_matrix[Policies.block_all-True-True]" time="0.004" /><testcase classname="tests.unit.melder.spellbook.test_spellbook" name="test_get_spell_permissions_variants[Permissions.read]" time="0.005" /><testcase classname="tests.unit.melder.spellbook.test_spellbook" name="test_get_spell_permissions_variants[Permissions.create]" time="0.004" /><testcase classname="tests.unit.melder.spellbook.test_spellbook" name="test_get_spell_permissions_variants[Permissions.block]" time="0.004" /><testcase classname="tests.unit.melder.spellbook.test_spellbook" name="test_refresh_local_spell_ids_handles_various[None]" time="0.005" /><testcase classname="tests.unit.melder.spellbook.test_spellbook" name="test_refresh_local_spell_ids_handles_various[versions1]" time="0.006" /><testcase classname="tests.unit.melder.spellbook.test_spellbook" name="test_refresh_local_spell_ids_handles_various[versions2]" time="0.005" /><testcase classname="tests.unit.melder.spellbook.test_spellbook" name="test_refresh_local_spell_ids_handles_various[versions3]" time="0.004" /><testcase classname="tests.unit.melder.spellbook.test_spellbook" name="test_fire_conjure_hooks_noop_variants[None-h-expected_calls0]" time="0.005" /><testcase classname="tests.unit.melder.spellbook.test_spellbook" name="test_fire_conjure_hooks_noop_variants[hook_map1-h-expected_calls1]" time="0.005" /><testcase classname="tests.unit.melder.spellbook.test_spellbook" name="test_fire_conjure_hooks_noop_variants[hook_map2-h-expected_calls2]" time="0.004" /><testcase classname="tests.unit.melder.spellbook.test_spellbook" name="test_fire_conjure_hooks_noop_variants[hook_map3-missing-expected_calls3]" time="0.004" /><testcase classname="tests.unit.melder.spellbook.test_spellbook" name="test_get_conjure_hook_map_variants[hooks0-True]" time="0.004" /><testcase classname="tests.unit.melder.spellbook.test_spellbook" name="test_get_conjure_hook_map_variants[hooks1-False]" time="0.005" /><testcase classname="tests.unit.melder.spellbook.test_spellbook" name="test_get_conjure_hook_map_variants[hooks2-False]" time="0.005" /><testcase classname="tests.unit.melder.spellbook.test_spellbook" name="test_define_conduit_handles_multiple_objects[None]" time="0.004" /><testcase classname="tests.unit.melder.spellbook.test_spellbook" name="test_define_conduit_handles_multiple_objects[obj1]" time="0.004" /><testcase classname="tests.unit.melder.spellbook.test_spellbook" name="test_define_conduit_handles_multiple_objects[existing_object2]" time="0.005" /><testcase classname="tests.unit.melder.spellbook.test_spellbook" name="test_refresh_contracted_spell_ids_handles_empty_maps" time="0.004" /><testcase classname="tests.unit.melder.spellbook.test_spellbook" name="test_phase_factories_return_empty_when_no_spells" time="0.004" /><testcase classname="tests.unit.melder.spellbook.test_spellbook" name="test_run_resolution_phases_with_multiple_spells" time="0.004" /><testcase classname="tests.unit.melder.spellbook.test_spellbook" name="test_find_contracted_spell_raises_when_missing" time="0.004" /><testcase classname="tests.unit.melder.spellbook.test_spellbook" name="test_cleanup_spells_requires_live_spell_map" time="0.003" /><testcase classname="tests.unit.melder.spellbook.test_spellbook" name="test_cleanup_components_clears_contracts_and_versions" time="0.003" /><testcase classname="tests.unit.melder.spellbook.test_spellbook" name="test_cleanup_core_nulls_bind_and_lock_last_logger_cleanup_safe" time="0.004" /><testcase classname="tests.unit.melder.spellbook.test_spellbook" name="test_context_manager_reacquire_after_exit" time="0.003" /><testcase classname="tests.unit.melder.spellbook.test_spellbook" name="test_get_spell_permissions_missing_logs_and_raises" time="0.003" /><testcase classname="tests.unit.melder.spellbook.test_spellbook" name="test_spells_property_is_immutable" time="0.003" /><testcase classname="tests.unit.melder.spellbook.test_spellbook" name="test_contracted_spells_property_is_immutable" time="0.004" /><testcase classname="tests.unit.melder.spellbook.test_spellbook" name="test_refresh_local_spell_ids_noop_when_cache_none" time="0.004" /><testcase classname="tests.unit.melder.spellbook.test_spellbook" name="test_refresh_contracted_spell_ids_noop_when_none" time="0.004" /><testcase classname="tests.unit.melder.spellbook.test_spellbook" name="test_refresh_all_spell_ids_safe_when_contracted_none" time="0.003" /><testcase classname="tests.unit.melder.spellbook.test_spellbook" name="test_fire_conjure_hooks_executes_all_and_swallows_errors" time="0.003" /><testcase classname="tests.unit.melder.spellbook.test_spellbook" name="test_get_conjure_hook_map_handles_exception" time="0.004" /><testcase classname="tests.unit.melder.spellbook.test_spellbook" name="test_initialize_logging_fallback_on_provider_failure" time="0.004" /><testcase classname="tests.unit.melder.spellbook.test_spellbook" name="test_cleanup_spells_invokes_cleanup_on_each_spell" time="0.004" /><testcase classname="tests.unit.melder.spellbook.test_spellbook" name="test_cleanup_components_handles_none_configuration" time="0.004" /><testcase classname="tests.unit.melder.spellbook.test_spellbook" name="test_cleanup_core_swallows_logger_cleanup_errors" time="0.003" /><testcase classname="tests.unit.melder.spellbook.test_spellbook" name="test_run_resolution_phases_releases_scheduler_registrations_even_on_error" time="0.004" /><testcase classname="tests.unit.melder.spellbook.test_spellbook" name="test_find_spell_count_reports_len" time="0.003" /><testcase classname="tests.unit.melder.spellbook.test_spellbook" name="test_refresh_contracted_spell_ids_populates_multiple[spell_versions0-expected0]" time="0.003" /><testcase classname="tests.unit.melder.spellbook.test_spellbook" name="test_refresh_contracted_spell_ids_populates_multiple[spell_versions1-expected1]" time="0.003" /><testcase classname="tests.unit.melder.spellbook.test_spellbook" name="test_phase_factories_metadata_contains_spell_id" time="0.004" /><testcase classname="tests.unit.melder.spellbook.test_spellbook" name="test_context_manager_after_cleanup_raises_on_lock_use" time="0.004" /><testcase classname="tests.unit.melder.spellbook.test_spellbook" name="test_set_policy_state_flags[Policies.default]" time="0.003" /><testcase classname="tests.unit.melder.spellbook.test_spellbook" name="test_set_policy_state_flags[Policies.whitelist_all]" time="0.003" /><testcase classname="tests.unit.melder.spellbook.test_spellbook" name="test_set_policy_state_flags[Policies.block_all]" time="0.004" /><testcase classname="tests.unit.melder.spellbook.test_spellbook" name="test_find_spell_returns_none_for_missing" time="0.004" /><testcase classname="tests.unit.melder.spellbook.test_spellbook" name="test_refresh_local_spell_ids_noop_when_spells_none" time="0.003" /><testcase classname="tests.unit.melder.spellbook.test_spellbook" name="test_cleanup_spells_cleans_index_even_when_spell_raises" time="0.004" /><testcase classname="tests.unit.melder.spellbook.test_spellbook" name="test_cleanup_components_is_single_use_internal_helper" time="0.004" /><testcase classname="tests.unit.melder.spellbook.test_spellbook" name="test_cleanup_core_handles_logger_none" time="0.004" /><testcase classname="tests.unit.melder.spellbook.test_spellbook" name="test_fire_conjure_hooks_passes_args_and_kwargs" time="0.003" /><testcase classname="tests.unit.melder.spellbook.test_spellbook" name="test_define_conduit_handles_missing_owner_method" time="0.003" /><testcase classname="tests.unit.melder.spellbook.test_spellbook" name="test_refresh_contracted_spell_ids_ignores_empty_versions" time="0.004" /><testcase classname="tests.unit.melder.spellbook.test_spellbook" name="test_phase_factories_return_distinct_labels_per_spell" time="0.003" /><testcase classname="tests.unit.melder.spellbook.test_spellbook" name="test_set_policy_state_resets_flags_on_default" time="0.003" /><testcase classname="tests.unit.melder.spellbook.test_spellbook" name="test_check_all_spells_raises_on_duplicate" time="0.004" /><testcase classname="tests.unit.melder.spellbook.test_spellbook" name="test_check_all_spells_passes_when_unique" time="0.004" /><testcase classname="tests.unit.melder.spellbook.test_spellbook" name="test_find_contracted_spell_by_id_finds_match" time="0.003" /><testcase classname="tests.unit.melder.spellbook.test_spellbook" name="test_find_contracted_spell_by_id_returns_none_when_missing" time="0.003" /><testcase classname="tests.unit.melder.spellbook.test_spellbook" name="test_find_contracted_spell_by_id_returns_none_for_unknown_conduit" time="0.005" /><testcase classname="tests.unit.melder.spellbook.test_spellbook" name="test_create_link_contract_initializes_maps" time="0.003" /><testcase classname="tests.unit.melder.spellbook.test_spellbook" name="test_register_owned_spell_id_adds_mapping" time="0.003" /><testcase classname="tests.unit.melder.spellbook.test_spellbook" name="test_register_owned_spell_id_rejects_collision" time="0.003" /><testcase classname="tests.unit.melder.spellbook.test_spellbook" name="test_update_owned_spell_id_updates_map_and_versions" time="0.003" /><testcase classname="tests.unit.melder.spellbook.test_spellbook" name="test_update_owned_spell_id_replaces_nexus_record_when_publish_enabled" time="0.004" /><testcase classname="tests.unit.melder.spellbook.test_spellbook" name="test_unregister_owned_spell_id_removes_nexus_record_when_publish_enabled" time="0.004" /><testcase classname="tests.unit.melder.spellbook.test_spellbook" name="test_spell_id_pool_matches_owned_and_contracted_union" time="0.004" /><testcase classname="tests.unit.melder.spellbook.test_spellbook" name="test_unregister_owned_spell_id_removes_mapping" time="0.003" /><testcase classname="tests.unit.melder.spellbook.test_spellbook" name="test_unregister_owned_spell_id_rejects_mismatch" time="0.003" /><testcase classname="tests.unit.melder.spellbook.test_spellbook" name="test_register_contracted_spell_id_adds_mapping" time="0.003" /><testcase classname="tests.unit.melder.spellbook.test_spellbook" name="test_update_contracted_spell_id_updates_map_and_versions" time="0.003" /><testcase classname="tests.unit.melder.spellbook.test_spellbook" name="test_unregister_contracted_spell_id_removes_mapping" time="0.003" /><testcase classname="tests.unit.melder.spellbook.test_spellbook" name="test_inspect_spell_returns_none_on_missing" time="0.004" /><testcase classname="tests.unit.melder.spellbook.test_spellbook" name="test_inspect_spell_returns_id_when_found" time="0.004" /><testcase classname="tests.unit.melder.spellbook.test_spellbook" name="test_describe_spells_in_spellbook_returns_authoring_dump_in_stable_order" time="0.004" /><testcase classname="tests.unit.melder.spellbook.test_spellbook" name="test_validate_and_freeze_configuration_happy_path" time="0.003" /><testcase classname="tests.unit.melder.spellbook.test_spellbook" name="test_validate_and_freeze_configuration_missing_raises" time="0.003" /><testcase classname="tests.unit.melder.spellbook.test_spellbook" name="test_validate_and_freeze_configuration_frozen_short_circuits" time="0.004" /><testcase classname="tests.unit.melder.spellbook.test_spellbook" name="test_validate_and_freeze_configuration_validation_failure_raises" time="0.003" /><testcase classname="tests.unit.melder.spellbook.test_spellbook" name="test_run_resolution_phases_cleans_scheduler_on_success" time="0.003" /><testcase classname="tests.unit.melder.spellbook.test_spellbook" name="test_conjure_hooks_fire_in_order" time="0.006" /><testcase classname="tests.unit.melder.spellbook.test_spellbook" name="test_run_resolution_phases_propagates_phase_exception" time="0.004" /><testcase classname="tests.unit.melder.spellbook.test_spellbook" name="test_conjure_sets_conduit_and_marks_conjured" time="0.005" /><testcase classname="tests.unit.melder.spellbook.test_spellbook" name="test_conjure_twice_raises" time="0.005" /><testcase classname="tests.unit.melder.spellbook.test_spellbook" name="test_refresh_local_spell_ids_thread_safe" time="0.005" /><testcase classname="tests.unit.melder.spellbook.test_spellbinder" name="test_bind_sets_core_fields_and_resets_prior_state" time="0.000" /><testcase classname="tests.unit.melder.spellbook.test_spellbinder" name="test_constructor_requires_spellbook" time="0.000" /><testcase classname="tests.unit.melder.spellbook.test_spellbinder" name="test_fluent_existence_methods[as_unique-unique]" time="0.000" /><testcase classname="tests.unit.melder.spellbook.test_spellbinder" name="test_fluent_existence_methods[as_many-many]" time="0.000" /><testcase classname="tests.unit.melder.spellbook.test_spellbinder" name="test_fluent_existence_methods[as_unique_per_conduit-unique_per_conduit]" time="0.000" /><testcase classname="tests.unit.melder.spellbook.test_spellbinder" name="test_fluent_existence_methods[as_unique_per_conduit_cluster-unique_per_conduit_cluster]" time="0.000" /><testcase classname="tests.unit.melder.spellbook.test_spellbinder" name="test_fluent_existence_methods[as_unique_per_conduit_lineage-unique_per_conduit_lineage]" time="0.000" /><testcase classname="tests.unit.melder.spellbook.test_spellbinder" name="test_fluent_existence_methods[as_unique_per_spell_space-unique_per_spell_space]" time="0.000" /><testcase classname="tests.unit.melder.spellbook.test_spellbinder" name="test_with_existence_sets_value" time="0.000" /><testcase classname="tests.unit.melder.spellbook.test_spellbinder" name="test_with_permissions_under_spellframe_and_named" time="0.000" /><testcase classname="tests.unit.melder.spellbook.test_spellbinder" name="test_with_kwargs_merges_and_overrides" time="0.000" /><testcase classname="tests.unit.melder.spellbook.test_spellbinder" name="test_with_pre_hook_and_variants_accumulate" time="0.001" /><testcase classname="tests.unit.melder.spellbook.test_spellbinder" name="test_with_pre_hooks_noop_on_empty" time="0.000" /><testcase classname="tests.unit.melder.spellbook.test_spellbinder" name="test_activation_hooks_accumulate_and_preserve_order" time="0.000" /><testcase classname="tests.unit.melder.spellbook.test_spellbinder" name="test_post_hooks_accumulate_and_preserve_order" time="0.000" /><testcase classname="tests.unit.melder.spellbook.test_spellbinder" name="test_ensure_hook_list_rejects_non_list" time="0.000" /><testcase classname="tests.unit.melder.spellbook.test_spellbinder" name="test_finalize_requires_bind_first" time="0.000" /><testcase classname="tests.unit.melder.spellbook.test_spellbinder" name="test_finalize_calls_spellbook_bind_and_resets_state" time="0.000" /><testcase classname="tests.unit.melder.spellbook.test_spellbinder" name="test_bind_profile_override_flows_through_finalize" time="0.000" /><testcase classname="tests.unit.melder.spellbook.test_spellbinder" name="test_finalize_returns_spell_id_from_spellbook" time="0.000" /><testcase classname="tests.unit.melder.spellbook.test_spellbinder" name="test_finalize_passes_kwargs_through_to_spellbook" time="0.000" /><testcase classname="tests.unit.melder.spellbook.test_spellbinder" name="test_ensure_hook_list_reuses_existing_list" time="0.000" /><testcase classname="tests.unit.melder.spellbook.test_spellbinder" name="test_finalize_propagates_spellbook_errors" time="0.000" /><testcase classname="tests.unit.melder.spellbook.test_spellbinder" name="test_cleanup_is_idempotent_and_deletes_slots" time="0.000" /><testcase classname="tests.unit.melder.spellbook.test_spellbinder" name="test_cleanup_swallows_weakref_cleanup_failures" time="0.000" /><testcase classname="tests.unit.melder.spellbook.test_spellbinder" name="test_methods_raise_after_cleanup" time="0.000" /><testcase classname="tests.unit.melder.spellbook.test_spellbinder" name="test_reset_current_enforces_liveness" time="0.000" /><testcase classname="tests.unit.melder.spellbook.test_spellbinder" name="test_require_spellbook_raises_when_spellbook_dead" time="0.018" /><testcase classname="tests.unit.melder.spellbook.test_spellbinder" name="test_bind_discards_unfinalized_state" time="0.000" /><testcase classname="tests.unit.melder.spellbook.test_spellbinder" name="test_with_kwargs_noop_when_empty" time="0.000" /><testcase classname="tests.unit.melder.spellbook.test_spellbinder" name="test_with_activation_hooks_noop_when_empty" time="0.000" /><testcase classname="tests.unit.melder.spellbook.test_spellbinder" name="test_with_post_hooks_noop_when_empty" time="0.000" /><testcase classname="tests.unit.melder.spellbook.test_spellbinder" name="test_with_pre_hooks_extends_existing_list" time="0.000" /><testcase classname="tests.unit.melder.spellbook.test_spellbinder" name="test_with_activation_hooks_extends_existing_list" time="0.000" /><testcase classname="tests.unit.melder.spellbook.test_spellbinder" name="test_with_post_hooks_extends_existing_list" time="0.000" /><testcase classname="tests.unit.melder.spellbook.test_spellbinder" name="test_bind_overrides_defaults_only_when_provided" time="0.000" /><testcase classname="tests.unit.melder.spellbook.test_spellbinder" name="test_finalized_binder_can_be_reused_cleanly" time="0.000" /><testcase classname="tests.unit.melder.spellbook.test_spellbinder" name="test_finalize_includes_hook_lists_from_kwargs_passthrough" time="0.000" /><testcase classname="tests.unit.melder.spellbook.test_spellbinder" name="test_finalize_uses_current_state_after_fluent_changes" time="0.000" /><testcase classname="tests.unit.melder.spellbook.test_spellbinder" name="test_with_hooks_after_spellbook_cleaned_raises" time="0.000" /><testcase classname="tests.unit.melder.spellbook.test_spellbinder" name="test_finalize_raises_when_spellbook_dead" time="0.000" /><testcase classname="tests.unit.melder.spellbook.test_spellbinder" name="test_bind_after_cleanup_raises_runtime" time="0.000" /><testcase classname="tests.unit.melder.spellbook.test_spellbinder" name="test_finalize_reset_does_not_remove_defaults" time="0.000" /><testcase classname="tests.unit.melder.spellbook.test_spellbinder" name="test_with_kwargs_respects_live_spellbook_guard" time="0.000" /><testcase classname="tests.unit.melder.spellbook.test_spellbinder" name="test_with_permissions_respects_live_spellbook_guard" time="0.000" /><testcase classname="tests.unit.melder.spellbook.test_spellbinder" name="test_named_respects_live_spellbook_guard" time="0.000" /><testcase classname="tests.unit.melder.spellbook.test_spellbinder" name="test_under_spellframe_respects_live_spellbook_guard" time="0.000" /><testcase classname="tests.unit.melder.spellbook.test_spellbinder" name="test_with_pre_hook_respects_live_spellbook_guard" time="0.000" /><testcase classname="tests.unit.melder.aether.spellbook.test_bind_kwargs_metadata" name="test_bind_kwargs_land_in_spell_metadata" time="0.004" /><testcase classname="tests.unit.melder.aether.spellbook.test_bind_kwargs_metadata" name="test_hook_keys_never_leak_into_metadata" time="0.005" /><testcase classname="tests.unit.melder.aether.spellbook.test_bind_kwargs_metadata" name="test_native_spell_params_stay_sovereign" time="0.004" /><testcase classname="tests.unit.melder.aether.conduit.conduit_ward.contract.test_contract" name="test_contract_init_success" time="0.005" /><testcase classname="tests.unit.melder.aether.conduit.conduit_ward.contract.test_contract" name="test_contract_cleanup_success" time="0.005" /><testcase classname="tests.unit.melder.aether.conduit.conduit_ward.contract.test_contract" name="test_contract_cleanup_idempotent" time="0.004" /><testcase classname="tests.unit.melder.aether.conduit.conduit_ward.contract.test_contract" name="test_contract_cleanup_noops_when_marked_cleaned_inside_lock" time="0.004" /><testcase classname="tests.unit.melder.aether.conduit.conduit_ward.contract.test_contract" name="test_clean_up_clears_maps_and_cleans_details" time="0.006" /><testcase classname="tests.unit.melder.aether.conduit.conduit_ward.contract.test_contract" name="test_contract_context_manager_acquires_and_releases_lock" time="0.004" /><testcase classname="tests.unit.melder.aether.conduit.conduit_ward.contract.test_contract" name="test_get_peer_returns_correct_ward" time="0.003" /><testcase classname="tests.unit.melder.aether.conduit.conduit_ward.contract.test_contract" name="test_get_peer_raises_for_invalid_ward" time="0.003" /><testcase classname="tests.unit.melder.aether.conduit.conduit_ward.contract.test_contract" name="test_get_opposite_conduit_found" time="0.003" /><testcase classname="tests.unit.melder.aether.conduit.conduit_ward.contract.test_contract" name="test_get_opposite_conduit_not_found" time="0.003" /><testcase classname="tests.unit.melder.aether.conduit.conduit_ward.contract.test_contract" name="test_get_detail_map_returns_correct_map" time="0.003" /><testcase classname="tests.unit.melder.aether.conduit.conduit_ward.contract.test_contract" name="test_get_detail_map_raises_for_invalid_ward" time="0.003" /><testcase classname="tests.unit.melder.aether.conduit.conduit_ward.contract.test_contract" name="test_add_new_detail" time="0.004" /><testcase classname="tests.unit.melder.aether.conduit.conduit_ward.contract.test_contract" name="test_add_existing_detail_same_permissions_merges_sources" time="0.004" /><testcase classname="tests.unit.melder.aether.conduit.conduit_ward.contract.test_contract" name="test_add_existing_detail_different_permissions_raises" time="0.004" /><testcase classname="tests.unit.melder.aether.conduit.conduit_ward.contract.test_contract" name="test_remove_existing_detail" time="0.004" /><testcase classname="tests.unit.melder.aether.conduit.conduit_ward.contract.test_contract" name="test_remove_non_existent_detail" time="0.005" /><testcase classname="tests.unit.melder.aether.conduit.conduit_ward.contract.test_contract" name="test_remove_source_from_detail_not_last" time="0.004" /><testcase classname="tests.unit.melder.aether.conduit.conduit_ward.contract.test_contract" name="test_remove_source_from_detail_last_one" time="0.004" /><testcase classname="tests.unit.melder.aether.conduit.conduit_ward.contract.test_contract" name="test_remove_source_none_removes_entire_detail" time="0.004" /><testcase classname="tests.unit.melder.aether.conduit.conduit_ward.contract.test_contract" name="test_remove_source_non_existent_spell" time="0.003" /><testcase classname="tests.unit.melder.aether.conduit.conduit_ward.contract.test_contract" name="test_clear_contract_success" time="0.005" /><testcase classname="tests.unit.melder.aether.conduit.conduit_ward.contract.test_contract" name="test_clear_contract_empty_contract" time="0.003" /><testcase classname="tests.unit.melder.aether.conduit.conduit_ward.contract.test_contract" name="test_check_if_exists_and_permissions_true" time="0.004" /><testcase classname="tests.unit.melder.aether.conduit.conduit_ward.contract.test_contract" name="test_check_if_exists_and_permissions_false_permissions_mismatch" time="0.003" /><testcase classname="tests.unit.melder.aether.conduit.conduit_ward.contract.test_contract" name="test_check_if_exists_and_permissions_false_not_exists" time="0.003" /><testcase classname="tests.unit.melder.aether.conduit.conduit_ward.contract.test_contract" name="test_check_if_exists_true" time="0.003" /><testcase classname="tests.unit.melder.aether.conduit.conduit_ward.contract.test_contract" name="test_check_if_exists_false" time="0.003" /><testcase classname="tests.unit.melder.aether.conduit.conduit_ward.contract.test_contract" name="test_find_spell_in_ward_found_in_a" time="0.004" /><testcase classname="tests.unit.melder.aether.conduit.conduit_ward.contract.test_contract" name="test_find_spell_in_ward_found_in_b" time="0.004" /><testcase classname="tests.unit.melder.aether.conduit.conduit_ward.contract.test_contract" name="test_find_spell_in_ward_not_found" time="0.004" /><testcase classname="tests.unit.melder.aether.conduit.conduit_ward.contract.test_contract" name="test_grant_spells_to_ward" time="0.004" /><testcase classname="tests.unit.melder.aether.conduit.conduit_ward.contract.test_contract" name="test_grant_spells_to_ward_raises_for_missing_spell_id" time="0.004" /><testcase classname="tests.unit.melder.aether.conduit.conduit_ward.contract.test_contract_maps" name="test_get_index_detail_map_returns_per_ward_map" time="0.003" /><testcase classname="tests.unit.melder.aether.conduit.conduit_ward.contract.test_contract_maps" name="test_get_index_detail_map_invalid_ward_raises" time="0.003" /><testcase classname="tests.unit.melder.aether.conduit.conduit_ward.contract.test_contract_maps" name="test_add_index_new_returns_true" time="0.003" /><testcase classname="tests.unit.melder.aether.conduit.conduit_ward.contract.test_contract_maps" name="test_add_index_merge_same_permission_returns_false" time="0.003" /><testcase classname="tests.unit.melder.aether.conduit.conduit_ward.contract.test_contract_maps" name="test_add_index_different_permission_raises" time="0.003" /><testcase classname="tests.unit.melder.aether.conduit.conduit_ward.contract.test_contract_maps" name="test_add_index_merges_sources_into_existing" time="0.003" /><testcase classname="tests.unit.melder.aether.conduit.conduit_ward.contract.test_contract_maps" name="test_remove_index_deletes_entry" ti
[...]
"0.009" /><testcase classname="tests.unit.melder.aether.conduit.test_conduit_pool_multithreaded" name="test_multithreaded_conduit_pool_cleanup_after_hammer_cleans_retained_idle[4-20]" time="0.007" /><testcase classname="tests.unit.melder.aether.conduit.test_conduit_pool_multithreaded" name="test_multithreaded_conduit_pool_cleanup_after_hammer_cleans_retained_idle[8-20]" time="0.011" /><testcase classname="tests.unit.melder.aether.conduit.test_conduit_pool_multithreaded" name="test_multithreaded_conduit_seeded_pop_return_roundtrip_keeps_unique_shells[4]" time="0.009" /><testcase classname="tests.unit.melder.aether.conduit.test_conduit_pool_multithreaded" name="test_multithreaded_conduit_seeded_pop_return_roundtrip_keeps_unique_shells[8]" time="0.010" /><testcase classname="tests.unit.melder.aether.conduit.test_conduit_resolution_validation" name="test_get_resolution_state_returns_state_for_normal" time="0.013" /><testcase classname="tests.unit.melder.aether.conduit.test_conduit_resolution_validation" name="test_get_resolution_state_returns_none_when_spell_system_states_missing" time="0.013" /><testcase classname="tests.unit.melder.aether.conduit.test_conduit_resolution_validation" name="test_get_resolution_state_uses_root_for_lesser" time="0.013" /><testcase classname="tests.unit.melder.aether.conduit.test_conduit_resolution_validation" name="test_validate_resolution_runs_phases_for_normal" time="0.013" /><testcase classname="tests.unit.melder.aether.conduit.test_conduit_resolution_validation" name="test_validate_resolution_skips_structural_when_disabled" time="0.014" /><testcase classname="tests.unit.melder.aether.conduit.test_conduit_resolution_validation" name="test_validate_resolution_uses_root_for_lesser" time="0.014" /><testcase classname="tests.unit.melder.aether.conduit.test_conduit_resolution_validation" name="test_get_resolution_state_raises_when_lesser_has_no_ward" time="0.013" /><testcase classname="tests.unit.melder.aether.conduit.test_conduit_resolution_validation" name="test_get_resolution_state_raises_when_spellbook_missing" time="0.012" /><testcase classname="tests.unit.melder.aether.conduit.test_conduit_resolution_validation" name="test_validate_resolution_raises_when_lesser_has_no_ward" time="0.012" /><testcase classname="tests.unit.melder.aether.conduit.test_conduit_resolution_validation" name="test_validate_resolution_raises_when_spellbook_missing" time="0.095" /><testcase classname="tests.unit.melder.aether.conduit.test_conduit_resolution_validation" name="test_validate_resolution_raises_when_spell_system_states_missing" time="0.014" /><testcase classname="tests.unit.melder.aether.conduit.test_conduit_snapshot" name="test_conduit_snapshot_state_includes_spellbook_snapshot" time="0.035" /><testcase classname="tests.unit.melder.aether.conduit.test_conduit_state" name="test_conduit_state_str_returns_lowercase_name" time="0.006" /><testcase classname="tests.unit.melder.aether.conduit.test_conduit_state" name="test_conduit_state_resolve_accepts_enum_members" time="0.004" /><testcase classname="tests.unit.melder.aether.conduit.test_conduit_state" name="test_conduit_state_resolve_accepts_lowercase_strings" time="0.006" /><testcase classname="tests.unit.melder.aether.conduit.test_conduit_state" name="test_conduit_state_resolve_rejects_none" time="0.006" /><testcase classname="tests.unit.melder.aether.conduit.test_conduit_state" name="test_conduit_state_resolve_rejects_invalid_values" time="0.005" /><testcase classname="tests.unit.melder.aether.conduit.test_conduit_transactions" name="test_conduit_begin_transaction_link_accepts_conduits_list" time="0.013" /><testcase classname="tests.unit.melder.aether.conduit.test_conduit_transactions" name="test_conduit_begin_transaction_link_defers_peer_validation_to_strategy" time="0.012" /><testcase classname="tests.unit.melder.aether.conduit.test_conduit_transactions" name="test_conduit_begin_transaction_link_allows_empty_peer_metadata_at_boundary" time="0.014" /><testcase classname="tests.unit.melder.aether.conduit.test_conduit_transactions" name="test_conduit_begin_transaction_rejects_non_normal_conduits" time="0.011" /><testcase classname="tests.unit.melder.aether.conduit.test_conduit_transactions" name="test_conduit_begin_transaction_dynamic_only_string_requires_dynamic_mode" time="0.015" /><testcase classname="tests.unit.melder.aether.conduit.test_conduit_transactions" name="test_conduit_begin_transaction_rejects_non_conduit_objects_in_link_list" time="0.011" /><testcase classname="tests.unit.melder.aether.conduit.test_conduit_transactions" name="test_conduit_begin_transaction_link_auto_adds_local_conduit" time="0.017" /><testcase classname="tests.unit.melder.aether.conduit.test_conduit_transactions" name="test_conduit_end_transaction_rejects_non_normal_conduits" time="0.012" /><testcase classname="tests.unit.melder.aether.conduit.test_conduit_transactions" name="test_conduit_begin_transaction_appends_explicit_conduit_ids_for_non_link_requests" time="0.014" /><testcase classname="tests.unit.melder.aether.conduit.test_conduit_transactions" name="test_begin_binding_transaction_delegates_to_begin_transaction" time="0.016" /><testcase classname="tests.unit.melder.aether.conduit.test_conduit_transactions" name="test_end_binding_transaction_rejects_non_normal_conduits" time="0.009" /><testcase classname="tests.unit.melder.aether.conduit.test_conduit_transactions" name="test_end_binding_transaction_delegates_for_normal_conduit" time="0.018" /><testcase classname="tests.unit.melder.aether.conduit.test_conduit_transactions" name="test_binding_transaction_ends_on_exception" time="0.012" /><testcase classname="tests.unit.melder.aether.conduit.test_conduit_transactions" name="test_conduit_transaction_context_ends_on_exception" time="0.013" /><testcase classname="tests.unit.melder.aether.conduit.test_conduit_upgrade_validate_before_mutate_regression" name="test_invalid_hook_name_fails_upgrade_with_zero_state_change" time="0.016" /><testcase classname="tests.unit.melder.aether.conduit.test_conduit_upgrade_validate_before_mutate_regression" name="test_non_callable_hook_value_fails_upgrade_with_zero_state_change" time="0.012" /><testcase classname="tests.unit.melder.aether.conduit.test_conduit_upgrade_validate_before_mutate_regression" name="test_valid_hooks_still_register_during_upgrade" time="0.015" /><testcase classname="tests.component.melder.spellbook.test_spellbook_component_bind" name="test_component_bind_creates_class_spell_with_metadata" time="0.007" /><testcase classname="tests.component.melder.spellbook.test_spellbook_component_bind" name="test_component_bind_enforces_protocol_members_for_class_spellframe" time="0.007" /><testcase classname="tests.component.melder.spellbook.test_spellbook_component_bind" name="test_component_bind_lambda_requires_binding_name" time="0.007" /><testcase classname="tests.component.melder.spellbook.test_spellbook_component_bind" name="test_component_bind_existing_object_requires_unique_existence" time="0.006" /><testcase classname="tests.component.melder.spellbook.test_spellbook_component_bind" name="test_component_bind_can_attach_detailed_profile_for_class_spell" time="0.007" /><testcase classname="tests.component.melder.spellbook.test_spellbook_component_bind" name="test_component_bind_can_attach_detailed_profile_for_callable_spell" time="0.007" /><testcase classname="tests.component.melder.spellbook.test_spellbook_component_bind" name="test_component_bind_rejects_module_spells" time="0.005" /><testcase classname="tests.component.melder.spellbook.test_spellbook_component_bind" name="test_component_bind_decorator_creates_spell_with_binding_metadata" time="0.007" /><testcase classname="tests.component.melder.spellbook.test_spellbook_component_bind" name="test_component_bind_rejects_protocol_as_spell" time="0.007" /><testcase classname="tests.component.melder.spellbook.test_spellbook_component_bind" name="test_component_bind_callable_under_protocol_spellframe_is_allowed" time="0.009" /><testcase classname="tests.component.melder.spellbook.test_spellbook_component_bind" name="test_component_bind_function_without_binding_name_uses_method_spell_type" time="0.009" /><testcase classname="tests.component.melder.spellbook.test_spellbook_component_bind" name="test_component_bind_class_with_spellframe_only_sets_spell_type" time="0.008" /><testcase classname="tests.component.melder.spellbook.test_spellbook_component_bind" name="test_component_bind_class_with_binding_name_only_sets_spell_type" time="0.006" /><testcase classname="tests.component.melder.spellbook.test_spellbook_component_bind" name="test_component_bind_existing_object_with_spellframe_and_name_sets_spell_type" time="0.007" /><testcase classname="tests.component.melder.spellbook.test_spellbook_component_bind" name="test_component_bind_callable_with_non_unique_existence_raises" time="0.006" /><testcase classname="tests.component.melder.spellbook.test_spellbook_component_bind" name="test_component_bind_lambda_with_spellframe_and_name_sets_spell_type" time="0.008" /><testcase classname="tests.component.melder.spellbook.test_spellbook_component_bind_inactive_public_surface" name="test_component_bind_inactive_returns_an_id_and_does_not_activate" time="0.013" /><testcase classname="tests.component.melder.spellbook.test_spellbook_component_bind_inactive_public_surface" name="test_component_a_parked_spell_is_not_meldable" time="0.012" /><testcase classname="tests.component.melder.spellbook.test_spellbook_component_bind_inactive_public_surface" name="test_component_bind_inactive_refuses_an_index_it_does_not_own" time="0.016" /><testcase classname="tests.component.melder.spellbook.test_spellbook_component_bind_inactive_public_surface" name="test_component_a_parked_id_blocks_a_duplicate_bind" time="0.015" /><testcase classname="tests.component.melder.spellbook.test_spellbook_component_spell_index" name="test_component_spell_index_tracks_versions_and_hash_stability" time="0.000" /><testcase classname="tests.component.melder.spellbook.test_spellbook_component_spell_index" name="test_component_spell_index_cleanup_blocks_access" time="0.000" /><testcase classname="tests.component.melder.spellbook.test_spellbook_component_resolvable_registration" name="test_resolvable_is_native_and_described_without_metadata_leak[omitted]" time="0.011" /><testcase classname="tests.component.melder.spellbook.test_spellbook_component_resolvable_registration" name="test_resolvable_is_native_and_described_without_metadata_leak[true]" time="0.007" /><testcase classname="tests.component.melder.spellbook.test_spellbook_component_resolvable_registration" name="test_resolvable_is_native_and_described_without_metadata_leak[false]" time="0.007" /><testcase classname="tests.component.melder.spellbook.test_spellbook_component_resolvable_registration" name="test_inspector_and_real_bind_agree_on_effective_inputs[True]" time="0.007" /><testcase classname="tests.component.melder.spellbook.test_spellbook_component_resolvable_registration" name="test_inspector_and_real_bind_agree_on_effective_inputs[False]" time="0.007" /><testcase classname="tests.component.melder.spellbook.test_spellbook_component_resolvable_registration" name="test_non_bool_capability_refuses_without_publishing[None]" time="0.012" /><testcase classname="tests.component.melder.spellbook.test_spellbook_component_resolvable_registration" name="test_non_bool_capability_refuses_without_publishing[0]" time="0.008" /><testcase classname="tests.component.melder.spellbook.test_spellbook_component_resolvable_registration" name="test_non_bool_capability_refuses_without_publishing[1]" time="0.007" /><testcase classname="tests.component.melder.spellbook.test_spellbook_component_resolvable_registration" name="test_non_bool_capability_refuses_without_publishing[false]" time="0.007" /><testcase classname="tests.component.melder.spellbook.test_spellbook_component_resolvable_registration" name="test_non_bool_capability_refuses_without_publishing[invalid4]" time="0.006" /><testcase classname="tests.component.melder.spellbook.test_spellbook_component_resolvable_registration" name="test_non_bool_capability_refuses_without_publishing[invalid5]" time="0.004" /><testcase classname="tests.component.melder.spellbook.test_spellbook_component_resolvable_registration" name="test_invalid_capability_is_rejected_before_user_reflection[False]" time="0.007" /><testcase classname="tests.component.melder.spellbook.test_spellbook_component_resolvable_registration" name="test_invalid_capability_is_rejected_before_user_reflection[True]" time="0.005" /><testcase classname="tests.component.melder.spellbook.test_spellbook_component_resolvable_registration" name="test_bind_gateway_preserves_false_for_direct_and_decorator_paths[False]" time="0.007" /><testcase classname="tests.component.melder.spellbook.test_spellbook_component_resolvable_registration" name="test_bind_gateway_preserves_false_for_direct_and_decorator_paths[True]" time="0.006" /><testcase classname="tests.component.melder.spellbook.test_spellbook_component_resolvable_registration" name="test_fluent_capability_does_not_leak_to_next_registration[False]" time="0.006" /><testcase classname="tests.component.melder.spellbook.test_spellbook_component_resolvable_registration" name="test_fluent_capability_does_not_leak_to_next_registration[True]" time="0.008" /><testcase classname="tests.component.melder.spellbook.test_spellbook_component_resolvable_registration" name="test_parked_capability_is_per_version_and_does_not_change_selection[False-False]" time="0.009" /><testcase classname="tests.component.melder.spellbook.test_spellbook_component_resolvable_registration" name="test_parked_capability_is_per_version_and_does_not_change_selection[False-True]" time="0.010" /><testcase classname="tests.component.melder.spellbook.test_spellbook_component_resolvable_registration" name="test_parked_capability_is_per_version_and_does_not_change_selection[True-False]" time="0.009" /><testcase classname="tests.component.melder.spellbook.test_spellbook_component_resolvable_registration" name="test_parked_capability_is_per_version_and_does_not_change_selection[True-True]" time="0.011" /><testcase classname="tests.component.melder.spellbook.test_spellbook_component_resolvable_registration" name="test_false_does_not_create_another_active_binding_slot" time="0.007" /><testcase classname="tests.component.melder.spellbook.test_spellbook_component_resolvable_registration" name="test_inactive_bind_defaults_to_true_independently_of_selected_mode[False]" time="0.010" /><testcase classname="tests.component.melder.spellbook.test_spellbook_component_resolvable_registration" name="test_inactive_bind_defaults_to_true_independently_of_selected_mode[True]" time="0.009" /><testcase classname="tests.component.melder.spellbook.test_spellbook_component_resolvable_registration" name="test_abstract_and_protocol_definitions_can_be_registered_false[AbstractDefinition]" time="0.006" /><testcase classname="tests.component.melder.spellbook.test_spellbook_component_resolvable_registration" name="test_abstract_and_protocol_definitions_can_be_registered_false[ProtocolDefinition]" time="0.004" /><testcase classname="tests.component.melder.spellbook.test_spellbook_component_resolvable_registration" name="test_protocol_target_still_refuses_resolvable_registration[omitted]" time="0.004" /><testcase classname="tests.component.melder.spellbook.test_spellbook_component_resolvable_registration" name="test_protocol_target_still_refuses_resolvable_registration[true]" time="0.006" /><testcase classname="tests.component.melder.spellbook.test_spellbook_component_resolvable_registration" name="test_false_does_not_bypass_protocol_spellframe_admission" time="0.004" /><testcase classname="tests.component.melder.spellbook.test_spellbook_component_resolvable_registration" name="test_false_preserves_supported_callable_and_instance_families[function]" time="0.007" /><testcase classname="tests.component.melder.spellbook.test_spellbook_component_resolvable_registration" name="test_false_preserves_supported_callable_and_instance_families[lambda]" time="0.007" /><testcase classname="tests.component.melder.spellbook.test_spellbook_component_resolvable_registration" name="test_false_preserves_supported_callable_and_instance_families[instance]" time="0.006" /><testcase classname="tests.component.melder.spellbook.test_spellbook_component_resolvable_registration" name="test_false_does_not_relax_unique_only_lifetimes[function]" time="0.005" /><testcase classname="tests.component.melder.spellbook.test_spellbook_component_resolvable_registration" name="test_false_does_not_relax_unique_only_lifetimes[instance]" time="0.010" /><testcase classname="tests.component.melder.spellbook.test_spellbook_component_resolvable_registration" name="test_false_keeps_kernel_module_and_primitive_refusals" time="0.007" /><testcase classname="tests.component.melder.spellbook.test_spellbook_component_resolvable_registration" name="test_cleaned_spell_does_not_expose_live_capability" time="0.007" /><testcase classname="tests.unit.melder.aether.test_lookup_container" name="test_claim_then_get_returns_spell_id" time="0.000" /><testcase classname="tests.unit.melder.aether.test_lookup_container" name="test_get_missing_returns_none" time="0.000" /><testcase classname="tests.unit.melder.aether.test_lookup_container" name="test_contains_reflects_claim_and_release" time="0.000" /><testcase classname="tests.unit.melder.aether.test_lookup_container" name="test_claim_same_spell_id_is_idempotent" time="0.000" /><testcase classname="tests.unit.melder.aether.test_lookup_container" name="test_claim_different_spell_id_raises_and_keeps_original" time="0.000" /><testcase classname="tests.unit.melder.aether.test_lookup_container" name="test_update_repoints_signature" time="0.000" /><testcase classname="tests.unit.melder.aether.test_lookup_container" name="test_update_sets_fresh_signature" time="0.000" /><testcase classname="tests.unit.melder.aether.test_lookup_container" name="test_release_absent_is_noop" time="0.000" /><testcase classname="tests.unit.melder.aether.test_lookup_container" name="test_release_frees_signature_for_other_spell" time="0.000" /><testcase classname="tests.unit.melder.aether.test_lookup_container" name="test_distinct_keys_coexist" time="0.000" /><testcase classname="tests.unit.melder.aether.test_lookup_container" name="test_cleanup_is_idempotent" time="0.000" /><testcase classname="tests.unit.melder.aether.test_lookup_container" name="test_concurrent_claims_of_distinct_keys_all_land" time="0.009" /><testcase classname="tests.unit.melder.aether.test_lookup_container" name="test_concurrent_same_key_same_spell_id_is_safe" time="0.004" /><testcase classname="tests.unit.melder.aether.test_lookup_container" name="test_get_sig_by_spell_id_returns_signature" time="0.000" /><testcase classname="tests.unit.melder.aether.test_lookup_container" name="test_get_sig_by_spell_id_missing_returns_none" time="0.000" /><testcase classname="tests.unit.melder.aether.test_lookup_container" name="test_contains_spell_id_reflects_claim_and_release" time="0.000" /><testcase classname="tests.unit.melder.aether.test_lookup_container" name="test_release_by_spell_id_removes_both_directions" time="0.000" /><testcase classname="tests.unit.melder.aether.test_lookup_container" name="test_release_by_spell_id_absent_is_noop" time="0.000" /><testcase classname="tests.unit.melder.aether.test_lookup_container" name="test_release_by_sig_clears_reverse" time="0.000" /><testcase classname="tests.unit.melder.aether.test_lookup_container" name="test_update_repoints_reverse" time="0.000" /><testcase classname="tests.unit.melder.aether.test_lookup_container" name="test_release_by_spell_id_frees_signature_for_other_spell" time="0.000" /><testcase classname="tests.unit.melder.aether.test_lookup_container" name="test_distinct_spell_ids_reverse_independently" time="0.000" /></testsuite></testsuites>