<?xml version="1.0" encoding="utf-8"?><testsuites name="pytest tests"><testsuite name="pytest" errors="0" failures="0" skipped="0" tests="42" time="0.475" timestamp="2026-09-19T14:00:25.984486-06:00" hostname="DESKTOP-HCNUTDQ"><testcase classname="tests.component.melder.spellbook.test_spellbook_component_resolvable_registration" name="test_resolvable_is_native_and_described_without_metadata_leak[omitted]" time="0.005" /><testcase classname="tests.component.melder.spellbook.test_spellbook_component_resolvable_registration" name="test_resolvable_is_native_and_described_without_metadata_leak[true]" time="0.004" /><testcase classname="tests.component.melder.spellbook.test_spellbook_component_resolvable_registration" name="test_resolvable_is_native_and_described_without_metadata_leak[false]" time="0.004" /><testcase classname="tests.component.melder.spellbook.test_spellbook_component_resolvable_registration" name="test_inspector_and_real_bind_agree_on_effective_inputs[True]" time="0.004" /><testcase classname="tests.component.melder.spellbook.test_spellbook_component_resolvable_registration" name="test_inspector_and_real_bind_agree_on_effective_inputs[False]" time="0.004" /><testcase classname="tests.component.melder.spellbook.test_spellbook_component_resolvable_registration" name="test_non_bool_capability_refuses_without_publishing[None]" time="0.003" /><testcase classname="tests.component.melder.spellbook.test_spellbook_component_resolvable_registration" name="test_non_bool_capability_refuses_without_publishing[0]" time="0.003" /><testcase classname="tests.component.melder.spellbook.test_spellbook_component_resolvable_registration" name="test_non_bool_capability_refuses_without_publishing[1]" time="0.004" /><testcase classname="tests.component.melder.spellbook.test_spellbook_component_resolvable_registration" name="test_non_bool_capability_refuses_without_publishing[false]" time="0.004" /><testcase classname="tests.component.melder.spellbook.test_spellbook_component_resolvable_registration" name="test_non_bool_capability_refuses_without_publishing[invalid4]" time="0.004" /><testcase classname="tests.component.melder.spellbook.test_spellbook_component_resolvable_registration" name="test_non_bool_capability_refuses_without_publishing[invalid5]" time="0.003" /><testcase classname="tests.component.melder.spellbook.test_spellbook_component_resolvable_registration" name="test_invalid_capability_is_rejected_before_user_reflection[False]" time="0.003" /><testcase classname="tests.component.melder.spellbook.test_spellbook_component_resolvable_registration" name="test_invalid_capability_is_rejected_before_user_reflection[True]" time="0.004" /><testcase classname="tests.component.melder.spellbook.test_spellbook_component_resolvable_registration" name="test_bind_gateway_preserves_false_for_direct_and_decorator_paths[False]" time="0.004" /><testcase classname="tests.component.melder.spellbook.test_spellbook_component_resolvable_registration" name="test_bind_gateway_preserves_false_for_direct_and_decorator_paths[True]" time="0.004" /><testcase classname="tests.component.melder.spellbook.test_spellbook_component_resolvable_registration" name="test_fluent_capability_does_not_leak_to_next_registration[False]" time="0.005" /><testcase classname="tests.component.melder.spellbook.test_spellbook_component_resolvable_registration" name="test_fluent_capability_does_not_leak_to_next_registration[True]" time="0.004" /><testcase classname="tests.component.melder.spellbook.test_spellbook_component_resolvable_registration" name="test_parked_capability_is_per_version_and_does_not_change_selection[False-False]" time="0.005" /><testcase classname="tests.component.melder.spellbook.test_spellbook_component_resolvable_registration" name="test_parked_capability_is_per_version_and_does_not_change_selection[False-True]" time="0.006" /><testcase classname="tests.component.melder.spellbook.test_spellbook_component_resolvable_registration" name="test_parked_capability_is_per_version_and_does_not_change_selection[True-False]" time="0.005" /><testcase classname="tests.component.melder.spellbook.test_spellbook_component_resolvable_registration" name="test_parked_capability_is_per_version_and_does_not_change_selection[True-True]" time="0.005" /><testcase classname="tests.component.melder.spellbook.test_spellbook_component_resolvable_registration" name="test_false_does_not_create_another_active_binding_slot" time="0.004" /><testcase classname="tests.component.melder.spellbook.test_spellbook_component_resolvable_registration" name="test_inactive_bind_defaults_to_true_independently_of_selected_mode[False]" time="0.005" /><testcase classname="tests.component.melder.spellbook.test_spellbook_component_resolvable_registration" name="test_inactive_bind_defaults_to_true_independently_of_selected_mode[True]" time="0.006" /><testcase classname="tests.component.melder.spellbook.test_spellbook_component_resolvable_registration" name="test_abstract_and_protocol_definitions_can_be_registered_false[AbstractDefinition]" time="0.004" /><testcase classname="tests.component.melder.spellbook.test_spellbook_component_resolvable_registration" name="test_abstract_and_protocol_definitions_can_be_registered_false[ProtocolDefinition]" time="0.004" /><testcase classname="tests.component.melder.spellbook.test_spellbook_component_resolvable_registration" name="test_protocol_target_still_refuses_resolvable_registration[omitted]" time="0.004" /><testcase classname="tests.component.melder.spellbook.test_spellbook_component_resolvable_registration" name="test_protocol_target_still_refuses_resolvable_registration[true]" time="0.003" /><testcase classname="tests.component.melder.spellbook.test_spellbook_component_resolvable_registration" name="test_false_does_not_bypass_protocol_spellframe_admission" time="0.004" /><testcase classname="tests.component.melder.spellbook.test_spellbook_component_resolvable_registration" name="test_false_preserves_supported_callable_and_instance_families[function]" time="0.004" /><testcase classname="tests.component.melder.spellbook.test_spellbook_component_resolvable_registration" name="test_false_preserves_supported_callable_and_instance_families[lambda]" time="0.004" /><testcase classname="tests.component.melder.spellbook.test_spellbook_component_resolvable_registration" name="test_false_preserves_supported_callable_and_instance_families[instance]" time="0.004" /><testcase classname="tests.component.melder.spellbook.test_spellbook_component_resolvable_registration" name="test_false_does_not_relax_unique_only_lifetimes[function]" time="0.004" /><testcase classname="tests.component.melder.spellbook.test_spellbook_component_resolvable_registration" name="test_false_does_not_relax_unique_only_lifetimes[instance]" time="0.003" /><testcase classname="tests.component.melder.spellbook.test_spellbook_component_resolvable_registration" name="test_false_keeps_kernel_module_and_primitive_refusals" time="0.004" /><testcase classname="tests.component.melder.spellbook.test_spellbook_component_resolvable_registration" name="test_cleaned_spell_does_not_expose_live_capability" time="0.004" /><testcase classname="tests.unit.melder.spellbook.bind.test_bind" name="test_sha256_resolvable_preserves_the_fixed_legacy_fingerprint" time="0.000" /><testcase classname="tests.unit.melder.spellbook.bind.test_bind" name="test_sha256_resolvable_rejects_non_bool_policy[None]" time="0.000" /><testcase classname="tests.unit.melder.spellbook.bind.test_bind" name="test_sha256_resolvable_rejects_non_bool_policy[0]" time="0.000" /><testcase classname="tests.unit.melder.spellbook.bind.test_bind" name="test_sha256_resolvable_rejects_non_bool_policy[1]" time="0.000" /><testcase classname="tests.unit.melder.spellbook.bind.test_bind" name="test_sha256_resolvable_rejects_non_bool_policy[false]" time="0.000" /><testcase classname="tests.unit.melder.spellbook.bind.test_bind" name="test_sha256_non_resolvable_keeps_existing_shape_version_rules" time="0.000" /></testsuite></testsuites>