<?xml version="1.0" encoding="utf-8"?><testsuites name="pytest tests"><testsuite name="pytest" errors="0" failures="32" skipped="0" tests="38" time="1.387" timestamp="2026-09-19T13:49:41.898749-06:00" hostname="DESKTOP-HCNUTDQ"><testcase classname="tests.component.melder.spellbook.test_spellbook_component_resolvable_registration" name="test_resolvable_is_native_and_described_without_metadata_leak[omitted]" time="0.006"><failure message="AttributeError: 'Spell' object has no attribute 'resolvable'">tests\component\melder\spellbook\test_spellbook_component_resolvable_registration.py:78: in test_resolvable_is_native_and_described_without_metadata_leak
    assert spell.resolvable is (mode != "false")
           ^^^^^^^^^^^^^^^^
E   AttributeError: 'Spell' object has no attribute 'resolvable'</failure></testcase><testcase classname="tests.component.melder.spellbook.test_spellbook_component_resolvable_registration" name="test_resolvable_is_native_and_described_without_metadata_leak[true]" time="0.005"><failure message="AttributeError: 'Spell' object has no attribute 'resolvable'">tests\component\melder\spellbook\test_spellbook_component_resolvable_registration.py:78: in test_resolvable_is_native_and_described_without_metadata_leak
    assert spell.resolvable is (mode != "false")
           ^^^^^^^^^^^^^^^^
E   AttributeError: 'Spell' object has no attribute 'resolvable'</failure></testcase><testcase classname="tests.component.melder.spellbook.test_spellbook_component_resolvable_registration" name="test_resolvable_is_native_and_described_without_metadata_leak[false]" time="0.004"><failure message="AttributeError: 'Spell' object has no attribute 'resolvable'">tests\component\melder\spellbook\test_spellbook_component_resolvable_registration.py:78: in test_resolvable_is_native_and_described_without_metadata_leak
    assert spell.resolvable is (mode != "false")
           ^^^^^^^^^^^^^^^^
E   AttributeError: 'Spell' object has no attribute 'resolvable'</failure></testcase><testcase classname="tests.component.melder.spellbook.test_spellbook_component_resolvable_registration" name="test_inspector_and_real_bind_agree_on_effective_inputs[True]" time="0.004"><failure message="TypeError: Bind.spell_id_inspector() got an unexpected keyword argument 'resolvable'">tests\component\melder\spellbook\test_spellbook_component_resolvable_registration.py:91: in test_inspector_and_real_bind_agree_on_effective_inputs
    expected = Bind.spell_id_inspector(
E   TypeError: Bind.spell_id_inspector() got an unexpected keyword argument 'resolvable'</failure></testcase><testcase classname="tests.component.melder.spellbook.test_spellbook_component_resolvable_registration" name="test_inspector_and_real_bind_agree_on_effective_inputs[False]" time="0.004"><failure message="TypeError: Bind.spell_id_inspector() got an unexpected keyword argument 'resolvable'">tests\component\melder\spellbook\test_spellbook_component_resolvable_registration.py:91: in test_inspector_and_real_bind_agree_on_effective_inputs
    expected = Bind.spell_id_inspector(
E   TypeError: Bind.spell_id_inspector() got an unexpected keyword argument 'resolvable'</failure></testcase><testcase classname="tests.component.melder.spellbook.test_spellbook_component_resolvable_registration" name="test_non_bool_capability_refuses_without_publishing[None]" time="0.004"><failure message="Failed: DID NOT RAISE TypeError">tests\component\melder\spellbook\test_spellbook_component_resolvable_registration.py:105: in test_non_bool_capability_refuses_without_publishing
    with pytest.raises(TypeError, match="resolvable.*bool"):
         ^^^^^^^^^^^^^^^^^^^^^^^^^^^^^^^^^^^^^^^^^^^^^^^^^^
E   Failed: DID NOT RAISE TypeError</failure></testcase><testcase classname="tests.component.melder.spellbook.test_spellbook_component_resolvable_registration" name="test_non_bool_capability_refuses_without_publishing[0]" time="0.004"><failure message="Failed: DID NOT RAISE TypeError">tests\component\melder\spellbook\test_spellbook_component_resolvable_registration.py:105: in test_non_bool_capability_refuses_without_publishing
    with pytest.raises(TypeError, match="resolvable.*bool"):
         ^^^^^^^^^^^^^^^^^^^^^^^^^^^^^^^^^^^^^^^^^^^^^^^^^^
E   Failed: DID NOT RAISE TypeError</failure></testcase><testcase classname="tests.component.melder.spellbook.test_spellbook_component_resolvable_registration" name="test_non_bool_capability_refuses_without_publishing[1]" time="0.005"><failure message="Failed: DID NOT RAISE TypeError">tests\component\melder\spellbook\test_spellbook_component_resolvable_registration.py:105: in test_non_bool_capability_refuses_without_publishing
    with pytest.raises(TypeError, match="resolvable.*bool"):
         ^^^^^^^^^^^^^^^^^^^^^^^^^^^^^^^^^^^^^^^^^^^^^^^^^^
E   Failed: DID NOT RAISE TypeError</failure></testcase><testcase classname="tests.component.melder.spellbook.test_spellbook_component_resolvable_registration" name="test_non_bool_capability_refuses_without_publishing[false]" time="0.005"><failure message="Failed: DID NOT RAISE TypeError">tests\component\melder\spellbook\test_spellbook_component_resolvable_registration.py:105: in test_non_bool_capability_refuses_without_publishing
    with pytest.raises(TypeError, match="resolvable.*bool"):
         ^^^^^^^^^^^^^^^^^^^^^^^^^^^^^^^^^^^^^^^^^^^^^^^^^^
E   Failed: DID NOT RAISE TypeError</failure></testcase><testcase classname="tests.component.melder.spellbook.test_spellbook_component_resolvable_registration" name="test_non_bool_capability_refuses_without_publishing[invalid4]" time="0.004"><failure message="Failed: DID NOT RAISE TypeError">tests\component\melder\spellbook\test_spellbook_component_resolvable_registration.py:105: in test_non_bool_capability_refuses_without_publishing
    with pytest.raises(TypeError, match="resolvable.*bool"):
         ^^^^^^^^^^^^^^^^^^^^^^^^^^^^^^^^^^^^^^^^^^^^^^^^^^
E   Failed: DID NOT RAISE TypeError</failure></testcase><testcase classname="tests.component.melder.spellbook.test_spellbook_component_resolvable_registration" name="test_non_bool_capability_refuses_without_publishing[invalid5]" time="0.004"><failure message="Failed: DID NOT RAISE TypeError">tests\component\melder\spellbook\test_spellbook_component_resolvable_registration.py:105: in test_non_bool_capability_refuses_without_publishing
    with pytest.raises(TypeError, match="resolvable.*bool"):
         ^^^^^^^^^^^^^^^^^^^^^^^^^^^^^^^^^^^^^^^^^^^^^^^^^^
E   Failed: DID NOT RAISE TypeError</failure></testcase><testcase classname="tests.component.melder.spellbook.test_spellbook_component_resolvable_registration" name="test_bind_gateway_preserves_false_for_direct_and_decorator_paths[False]" time="0.004"><failure message="AttributeError: 'Spell' object has no attribute 'resolvable'">tests\component\melder\spellbook\test_spellbook_component_resolvable_registration.py:127: in test_bind_gateway_preserves_false_for_direct_and_decorator_paths
    assert spell.resolvable is False
           ^^^^^^^^^^^^^^^^
E   AttributeError: 'Spell' object has no attribute 'resolvable'</failure></testcase><testcase classname="tests.component.melder.spellbook.test_spellbook_component_resolvable_registration" name="test_bind_gateway_preserves_false_for_direct_and_decorator_paths[True]" time="0.004"><failure message="AttributeError: 'Spell' object has no attribute 'resolvable'">tests\component\melder\spellbook\test_spellbook_component_resolvable_registration.py:127: in test_bind_gateway_preserves_false_for_direct_and_decorator_paths
    assert spell.resolvable is False
           ^^^^^^^^^^^^^^^^
E   AttributeError: 'Spell' object has no attribute 'resolvable'</failure></testcase><testcase classname="tests.component.melder.spellbook.test_spellbook_component_resolvable_registration" name="test_fluent_capability_does_not_leak_to_next_registration[False]" time="0.005"><failure message="AttributeError: 'Spell' object has no attribute 'resolvable'">tests\component\melder\spellbook\test_spellbook_component_resolvable_registration.py:149: in test_fluent_capability_does_not_leak_to_next_registration
    assert active_spell(book, first_id).resolvable is False
           ^^^^^^^^^^^^^^^^^^^^^^^^^^^^^^^^^^^^^^^
E   AttributeError: 'Spell' object has no attribute 'resolvable'</failure></testcase><testcase classname="tests.component.melder.spellbook.test_spellbook_component_resolvable_registration" name="test_fluent_capability_does_not_leak_to_next_registration[True]" time="0.004"><failure message="AttributeError: 'Spell' object has no attribute 'resolvable'">tests\component\melder\spellbook\test_spellbook_component_resolvable_registration.py:149: in test_fluent_capability_does_not_leak_to_next_registration
    assert active_spell(book, first_id).resolvable is False
           ^^^^^^^^^^^^^^^^^^^^^^^^^^^^^^^^^^^^^^^
E   AttributeError: 'Spell' object has no attribute 'resolvable'</failure></testcase><testcase classname="tests.component.melder.spellbook.test_spellbook_component_resolvable_registration" name="test_parked_capability_is_per_version_and_does_not_change_selection[False-False]" time="0.006"><failure message="RuntimeError: Spell ID collision detected. spell_id is computed from the spell's bind-time &#10;fingerprint (e.g., structural profile, lookup signature, existence, and resolved &#10;disposal metadata). The existing spell with this id is already registered in the &#10;Aether for this frame. If you intended to register a distinct spell, ensure its &#10;bind-time fingerprint differs so it produces a unique spell_id.">tests\component\melder\spellbook\test_spellbook_component_resolvable_registration.py:169: in test_parked_capability_is_per_version_and_does_not_change_selection
    parked_id = surface.bind_inactive(
src\melder\aether\spellbook\spellbook.py:4873: in bind_inactive
    raise RuntimeError(
E   RuntimeError: Spell ID collision detected. spell_id is computed from the spell's bind-time 
E   fingerprint (e.g., structural profile, lookup signature, existence, and resolved 
E   disposal metadata). The existing spell with this id is already registered in the 
E   Aether for this frame. If you intended to register a distinct spell, ensure its 
E   bind-time fingerprint differs so it produces a unique spell_id.</failure></testcase><testcase classname="tests.component.melder.spellbook.test_spellbook_component_resolvable_registration" name="test_parked_capability_is_per_version_and_does_not_change_selection[False-True]" time="0.006"><failure message="RuntimeError: Spell ID collision detected. spell_id is computed from the spell's bind-time &#10;fingerprint (e.g., structural profile, lookup signature, existence, and resolved &#10;disposal metadata). The existing spell with this id is already registered in the &#10;Aether for this frame. If you intended to register a distinct spell, ensure its &#10;bind-time fingerprint differs so it produces a unique spell_id.">tests\component\melder\spellbook\test_spellbook_component_resolvable_registration.py:169: in test_parked_capability_is_per_version_and_does_not_change_selection
    parked_id = surface.bind_inactive(
src\melder\aether\conduit\conduit.py:3265: in bind_inactive
    new_spell_id = self._spellbook.bind_inactive(
src\melder\aether\spellbook\spellbook.py:4873: in bind_inactive
    raise RuntimeError(
E   RuntimeError: Spell ID collision detected. spell_id is computed from the spell's bind-time 
E   fingerprint (e.g., structural profile, lookup signature, existence, and resolved 
E   disposal metadata). The existing spell with this id is already registered in the 
E   Aether for this frame. If you intended to register a distinct spell, ensure its 
E   bind-time fingerprint differs so it produces a unique spell_id.</failure></testcase><testcase classname="tests.component.melder.spellbook.test_spellbook_component_resolvable_registration" name="test_parked_capability_is_per_version_and_does_not_change_selection[True-False]" time="0.006"><failure message="RuntimeError: Spell ID collision detected. spell_id is computed from the spell's bind-time &#10;fingerprint (e.g., structural profile, lookup signature, existence, and resolved &#10;disposal metadata). The existing spell with this id is already registered in the &#10;Aether for this frame. If you intended to register a distinct spell, ensure its &#10;bind-time fingerprint differs so it produces a unique spell_id.">tests\component\melder\spellbook\test_spellbook_component_resolvable_registration.py:169: in test_parked_capability_is_per_version_and_does_not_change_selection
    parked_id = surface.bind_inactive(
src\melder\aether\spellbook\spellbook.py:4873: in bind_inactive
    raise RuntimeError(
E   RuntimeError: Spell ID collision detected. spell_id is computed from the spell's bind-time 
E   fingerprint (e.g., structural profile, lookup signature, existence, and resolved 
E   disposal metadata). The existing spell with this id is already registered in the 
E   Aether for this frame. If you intended to register a distinct spell, ensure its 
E   bind-time fingerprint differs so it produces a unique spell_id.</failure></testcase><testcase classname="tests.component.melder.spellbook.test_spellbook_component_resolvable_registration" name="test_parked_capability_is_per_version_and_does_not_change_selection[True-True]" time="0.006"><failure message="RuntimeError: Spell ID collision detected. spell_id is computed from the spell's bind-time &#10;fingerprint (e.g., structural profile, lookup signature, existence, and resolved &#10;disposal metadata). The existing spell with this id is already registered in the &#10;Aether for this frame. If you intended to register a distinct spell, ensure its &#10;bind-time fingerprint differs so it produces a unique spell_id.">tests\component\melder\spellbook\test_spellbook_component_resolvable_registration.py:169: in test_parked_capability_is_per_version_and_does_not_change_selection
    parked_id = surface.bind_inactive(
src\melder\aether\conduit\conduit.py:3265: in bind_inactive
    new_spell_id = self._spellbook.bind_inactive(
src\melder\aether\spellbook\spellbook.py:4873: in bind_inactive
    raise RuntimeError(
E   RuntimeError: Spell ID collision detected. spell_id is computed from the spell's bind-time 
E   fingerprint (e.g., structural profile, lookup signature, existence, and resolved 
E   disposal metadata). The existing spell with this id is already registered in the 
E   Aether for this frame. If you intended to register a distinct spell, ensure its 
E   bind-time fingerprint differs so it produces a unique spell_id.</failure></testcase><testcase classname="tests.component.melder.spellbook.test_spellbook_component_resolvable_registration" name="test_false_does_not_create_another_active_binding_slot" time="0.005"><failure message="AssertionError: Regex pattern did not match.&#10;  Expected regex: 'Binding signature already active'&#10;  Actual message: 'spell_id collision for owned spell_id=4942529e553a285c34d9be9c1a38f45ea8b785505e7c49e235137fb3c42ad360'">tests\component\melder\spellbook\test_spellbook_component_resolvable_registration.py:186: in test_false_does_not_create_another_active_binding_slot
    with pytest.raises(RuntimeError, match="Binding signature already active"):
         ^^^^^^^^^^^^^^^^^^^^^^^^^^^^^^^^^^^^^^^^^^^^^^^^^^^^^^^^^^^^^^^^^^^^^
E   AssertionError: Regex pattern did not match.
E     Expected regex: 'Binding signature already active'
E     Actual message: 'spell_id collision for owned spell_id=4942529e553a285c34d9be9c1a38f45ea8b785505e7c49e235137fb3c42ad360'</failure></testcase><testcase classname="tests.component.melder.spellbook.test_spellbook_component_resolvable_registration" name="test_abstract_and_protocol_definitions_can_be_registered_false[AbstractDefinition]" time="0.005"><failure message="AttributeError: 'Spell' object has no attribute 'resolvable'">tests\component\melder\spellbook\test_spellbook_component_resolvable_registration.py:200: in test_abstract_and_protocol_definitions_can_be_registered_false
    assert spell.resolvable is False
           ^^^^^^^^^^^^^^^^
E   AttributeError: 'Spell' object has no attribute 'resolvable'</failure></testcase><testcase classname="tests.component.melder.spellbook.test_spellbook_component_resolvable_registration" name="test_abstract_and_protocol_definitions_can_be_registered_false[ProtocolDefinition]" time="0.005"><failure message="TypeError: Cannot bind Protocol 'ProtocolDefinition' as a concrete spell. Protocols may only be used as spellframes (DI contracts).">tests\component\melder\spellbook\test_spellbook_component_resolvable_registration.py:198: in test_abstract_and_protocol_definitions_can_be_registered_false
    spell_id = book.bind(spell=target, existence="unique", resolvable=False)
               ^^^^^^^^^^^^^^^^^^^^^^^^^^^^^^^^^^^^^^^^^^^^^^^^^^^^^^^^^^^^^
src\melder\aether\spellbook\spellbook.py:5139: in bind
    new_spell = self._bind.bind(
src\melder\aether\spellbook\bind\bind.py:319: in bind
    return self._bind_logic(
src\melder\aether\spellbook\bind\bind.py:418: in _bind_logic
    raise TypeError(
E   TypeError: Cannot bind Protocol 'ProtocolDefinition' as a concrete spell. Protocols may only be used as spellframes (DI contracts).</failure></testcase><testcase classname="tests.component.melder.spellbook.test_spellbook_component_resolvable_registration" name="test_protocol_target_still_refuses_resolvable_registration[omitted]" time="0.005" /><testcase classname="tests.component.melder.spellbook.test_spellbook_component_resolvable_registration" name="test_protocol_target_still_refuses_resolvable_registration[true]" time="0.006" /><testcase classname="tests.component.melder.spellbook.test_spellbook_component_resolvable_registration" name="test_false_does_not_bypass_protocol_spellframe_admission" time="0.005" /><testcase classname="tests.component.melder.spellbook.test_spellbook_component_resolvable_registration" name="test_false_preserves_supported_callable_and_instance_families[function]" time="0.005"><failure message="AttributeError: 'Spell' object has no attribute 'resolvable'">tests\component\melder\spellbook\test_spellbook_component_resolvable_registration.py:230: in test_false_preserves_supported_callable_and_instance_families
    assert spell.resolvable is False
           ^^^^^^^^^^^^^^^^
E   AttributeError: 'Spell' object has no attribute 'resolvable'</failure></testcase><testcase classname="tests.component.melder.spellbook.test_spellbook_component_resolvable_registration" name="test_false_preserves_supported_callable_and_instance_families[lambda]" time="0.006"><failure message="AttributeError: 'Spell' object has no attribute 'resolvable'">tests\component\melder\spellbook\test_spellbook_component_resolvable_registration.py:230: in test_false_preserves_supported_callable_and_instance_families
    assert spell.resolvable is False
           ^^^^^^^^^^^^^^^^
E   AttributeError: 'Spell' object has no attribute 'resolvable'</failure></testcase><testcase classname="tests.component.melder.spellbook.test_spellbook_component_resolvable_registration" name="test_false_preserves_supported_callable_and_instance_families[instance]" time="0.005"><failure message="AttributeError: 'Spell' object has no attribute 'resolvable'">tests\component\melder\spellbook\test_spellbook_component_resolvable_registration.py:230: in test_false_preserves_supported_callable_and_instance_families
    assert spell.resolvable is False
           ^^^^^^^^^^^^^^^^
E   AttributeError: 'Spell' object has no attribute 'resolvable'</failure></testcase><testcase classname="tests.component.melder.spellbook.test_spellbook_component_resolvable_registration" name="test_false_does_not_relax_unique_only_lifetimes[function]" time="0.007" /><testcase classname="tests.component.melder.spellbook.test_spellbook_component_resolvable_registration" name="test_false_does_not_relax_unique_only_lifetimes[instance]" time="0.004" /><testcase classname="tests.component.melder.spellbook.test_spellbook_component_resolvable_registration" name="test_false_keeps_kernel_module_and_primitive_refusals" time="0.006" /><testcase classname="tests.component.melder.spellbook.test_spellbook_component_resolvable_registration" name="test_cleaned_spell_does_not_expose_live_capability" time="0.006"><failure message="AttributeError: 'Spell' object has no attribute 'resolvable'">tests\component\melder\spellbook\test_spellbook_component_resolvable_registration.py:261: in test_cleaned_spell_does_not_expose_live_capability
    _ = spell.resolvable
        ^^^^^^^^^^^^^^^^
E   AttributeError: 'Spell' object has no attribute 'resolvable'</failure></testcase><testcase classname="tests.unit.melder.spellbook.bind.test_bind" name="test_sha256_resolvable_preserves_the_fixed_legacy_fingerprint" time="0.001"><failure message="TypeError: Bind.sha256_profile() got an unexpected keyword argument 'resolvable'">tests\unit\melder\spellbook\bind\test_bind.py:674: in test_sha256_resolvable_preserves_the_fixed_legacy_fingerprint
    assert Bind.sha256_profile(
E   TypeError: Bind.sha256_profile() got an unexpected keyword argument 'resolvable'</failure></testcase><testcase classname="tests.unit.melder.spellbook.bind.test_bind" name="test_sha256_resolvable_rejects_non_bool_policy[None]" time="0.001"><failure message="AssertionError: Regex pattern did not match.&#10;  Expected regex: 'resolvable.*bool'&#10;  Actual message: &quot;Bind.sha256_profile() got an unexpected keyword argument 'resolvable'&quot;">tests\unit\melder\spellbook\bind\test_bind.py:689: in test_sha256_resolvable_rejects_non_bool_policy
    with pytest.raises(TypeError, match="resolvable.*bool"):
         ^^^^^^^^^^^^^^^^^^^^^^^^^^^^^^^^^^^^^^^^^^^^^^^^^^
E   AssertionError: Regex pattern did not match.
E     Expected regex: 'resolvable.*bool'
E     Actual message: "Bind.sha256_profile() got an unexpected keyword argument 'resolvable'"</failure></testcase><testcase classname="tests.unit.melder.spellbook.bind.test_bind" name="test_sha256_resolvable_rejects_non_bool_policy[0]" time="0.001"><failure message="AssertionError: Regex pattern did not match.&#10;  Expected regex: 'resolvable.*bool'&#10;  Actual message: &quot;Bind.sha256_profile() got an unexpected keyword argument 'resolvable'&quot;">tests\unit\melder\spellbook\bind\test_bind.py:689: in test_sha256_resolvable_rejects_non_bool_policy
    with pytest.raises(TypeError, match="resolvable.*bool"):
         ^^^^^^^^^^^^^^^^^^^^^^^^^^^^^^^^^^^^^^^^^^^^^^^^^^
E   AssertionError: Regex pattern did not match.
E     Expected regex: 'resolvable.*bool'
E     Actual message: "Bind.sha256_profile() got an unexpected keyword argument 'resolvable'"</failure></testcase><testcase classname="tests.unit.melder.spellbook.bind.test_bind" name="test_sha256_resolvable_rejects_non_bool_policy[1]" time="0.001"><failure message="AssertionError: Regex pattern did not match.&#10;  Expected regex: 'resolvable.*bool'&#10;  Actual message: &quot;Bind.sha256_profile() got an unexpected keyword argument 'resolvable'&quot;">tests\unit\melder\spellbook\bind\test_bind.py:689: in test_sha256_resolvable_rejects_non_bool_policy
    with pytest.raises(TypeError, match="resolvable.*bool"):
         ^^^^^^^^^^^^^^^^^^^^^^^^^^^^^^^^^^^^^^^^^^^^^^^^^^
E   AssertionError: Regex pattern did not match.
E     Expected regex: 'resolvable.*bool'
E     Actual message: "Bind.sha256_profile() got an unexpected keyword argument 'resolvable'"</failure></testcase><testcase classname="tests.unit.melder.spellbook.bind.test_bind" name="test_sha256_resolvable_rejects_non_bool_policy[false]" time="0.001"><failure message="AssertionError: Regex pattern did not match.&#10;  Expected regex: 'resolvable.*bool'&#10;  Actual message: &quot;Bind.sha256_profile() got an unexpected keyword argument 'resolvable'&quot;">tests\unit\melder\spellbook\bind\test_bind.py:689: in test_sha256_resolvable_rejects_non_bool_policy
    with pytest.raises(TypeError, match="resolvable.*bool"):
         ^^^^^^^^^^^^^^^^^^^^^^^^^^^^^^^^^^^^^^^^^^^^^^^^^^
E   AssertionError: Regex pattern did not match.
E     Expected regex: 'resolvable.*bool'
E     Actual message: "Bind.sha256_profile() got an unexpected keyword argument 'resolvable'"</failure></testcase><testcase classname="tests.unit.melder.spellbook.bind.test_bind" name="test_sha256_non_resolvable_keeps_existing_shape_version_rules" time="0.001"><failure message="TypeError: Bind.sha256_profile() got an unexpected keyword argument 'resolvable'">tests\unit\melder\spellbook\bind\test_bind.py:701: in test_sha256_non_resolvable_keeps_existing_shape_version_rules
    baseline = Bind.sha256_profile(first, resolvable=False)
               ^^^^^^^^^^^^^^^^^^^^^^^^^^^^^^^^^^^^^^^^^^^^
E   TypeError: Bind.sha256_profile() got an unexpected keyword argument 'resolvable'</failure></testcase></testsuite></testsuites>